Start auto log messages stack - Iteration 1.	[MsgId: MMSG-10545]
Action.c(1981): Notify: Parameter Substitution: parameter "p_Host" =  "https://nft01.hastingsdirect.com"	[MsgId: MMSG-13992]
Action.c(1981): Notify: Parameter Substitution: parameter "p_Host" =  "https://nft01.hastingsdirect.com"	[MsgId: MMSG-13992]
Action.c(1981): Notify: Parameter Substitution: parameter "c_pageCode_01" =  "xba8d743a-c527-4b8f-b2ea-b065c077d9ac"	[MsgId: MMSG-13992]
Action.c(1981): Notify: Parameter Substitution: parameter "c_pageCodeValue_01" =  "45567687-34f4-4951-9123-9a70399351d5"	[MsgId: MMSG-13992]
Action.c(1981): Notify: Parameter Substitution: parameter "p_VRN" =  "S6TAY"	[MsgId: MMSG-13992]
Action.c(1981): Notify: Parameter Substitution: parameter "co_FirstName" =  "TWTWJanTQHcTSOQW"	[MsgId: MMSG-13992]
Action.c(1981): Notify: Parameter Substitution: parameter "p_EmailDomain" =  "TSOQW"	[MsgId: MMSG-13992]
Action.c(1981): Notify: Parameter Substitution: parameter "p_Postcode" =  "PE38 9PG"	[MsgId: MMSG-13992]
Action.c(1981): Notify: Parameter Substitution: parameter "p_Policy_start_date" =  "19/01/2022"	[MsgId: MMSG-13992]
Action.c(1981): Notify: Parameter Substitution: parameter "p_EmailHTML" =  "TWTWJanTQHcTSOQW%40hd-no-email-TSOQW.com"	[MsgId: MMSG-13992]
Action.c(1981): Notify: Parameter Substitution: parameter "p_EmailHTML" =  "TWTWJanTQHcTSOQW%40hd-no-email-TSOQW.com"	[MsgId: MMSG-13992]
Action.c(1981): Notify: Parameter Substitution: parameter "c_pageCode_01" =  "xba8d743a-c527-4b8f-b2ea-b065c077d9ac"	[MsgId: MMSG-13992]
Action.c(1981): Notify: Parameter Substitution: parameter "c_pageCodeValue_01" =  "45567687-34f4-4951-9123-9a70399351d5"	[MsgId: MMSG-13992]
Action.c(1981): Error -26366: "Text=Your preferences" not found for web_reg_find  	[MsgId: MERR-26366]
End auto log messages stack.	[MsgId: MMSG-10544]


Start auto log messages stack - Iteration 1.	[MsgId: MMSG-10545]
Action.c(1981): Notify: Parameter Substitution: parameter "p_Host" =  "https://nft01.hastingsdirect.com"	[MsgId: MMSG-13992]
Action.c(1981): Notify: Parameter Substitution: parameter "p_Host" =  "https://nft01.hastingsdirect.com"	[MsgId: MMSG-13992]
Action.c(1981): Notify: Parameter Substitution: parameter "c_pageCode_01" =  "x61a92d3a-b013-477f-98f1-f49b0b4bcf05"	[MsgId: MMSG-13992]
Action.c(1981): Notify: Parameter Substitution: parameter "c_pageCodeValue_01" =  "01922947-584f-4415-9a3f-4f9549825101"	[MsgId: MMSG-13992]
Action.c(1981): Notify: Parameter Substitution: parameter "p_VRN" =  "S6TAY"	[MsgId: MMSG-13992]
Action.c(1981): Notify: Parameter Substitution: parameter "co_FirstName" =  "TWTWJanTQHcTSOQW"	[MsgId: MMSG-13992]
Action.c(1981): Notify: Parameter Substitution: parameter "p_EmailDomain" =  "TSOQW"	[MsgId: MMSG-13992]
Action.c(1981): Notify: Parameter Substitution: parameter "p_Postcode" =  "PE38 9PG"	[MsgId: MMSG-13992]
Action.c(1981): Notify: Parameter Substitution: parameter "p_Policy_start_date" =  "19/01/2022"	[MsgId: MMSG-13992]
Action.c(1981): Notify: Parameter Substitution: parameter "p_EmailHTML" =  "TWTWJanTQHcTSOQW%40hd-no-email-TSOQW.com"	[MsgId: MMSG-13992]
Action.c(1981): Notify: Parameter Substitution: parameter "p_EmailHTML" =  "TWTWJanTQHcTSOQW%40hd-no-email-TSOQW.com"	[MsgId: MMSG-13992]
Action.c(1981): Notify: Parameter Substitution: parameter "c_pageCode_01" =  "x61a92d3a-b013-477f-98f1-f49b0b4bcf05"	[MsgId: MMSG-13992]
Action.c(1981): Notify: Parameter Substitution: parameter "c_pageCodeValue_01" =  "01922947-584f-4415-9a3f-4f9549825101"	[MsgId: MMSG-13992]
Action.c(1981): Error -26366: "Text=Your preferences" not found for web_reg_find  	[MsgId: MERR-26366]
End auto log messages stack.	[MsgId: MMSG-10544]


Start auto log messages stack - Iteration 1.	[MsgId: MMSG-10545]
Action.c(1981): Notify: Parameter Substitution: parameter "p_Host" =  "https://nft01.hastingsdirect.com"	[MsgId: MMSG-13992]
Action.c(1981): Notify: Parameter Substitution: parameter "p_Host" =  "https://nft01.hastingsdirect.com"	[MsgId: MMSG-13992]
Action.c(1981): Notify: Parameter Substitution: parameter "c_pageCode_01" =  "xf8c20283-e440-4a55-9bf1-d9df2a12be70"	[MsgId: MMSG-13992]
Action.c(1981): Notify: Parameter Substitution: parameter "c_pageCodeValue_01" =  "8432447f-763c-4fa2-9c15-6a14f33f7dc1"	[MsgId: MMSG-13992]
Action.c(1981): Notify: Parameter Substitution: parameter "p_VRN" =  "S6TAY"	[MsgId: MMSG-13992]
Action.c(1981): Notify: Parameter Substitution: parameter "co_FirstName" =  "TWTWJanTQHcTSOQW"	[MsgId: MMSG-13992]
Action.c(1981): Notify: Parameter Substitution: parameter "p_EmailDomain" =  "TSOQW"	[MsgId: MMSG-13992]
Action.c(1981): Notify: Parameter Substitution: parameter "p_Postcode" =  "PE38 9PG"	[MsgId: MMSG-13992]
Action.c(1981): Notify: Parameter Substitution: parameter "p_Policy_start_date" =  "19/01/2022"	[MsgId: MMSG-13992]
Action.c(1981): Notify: Parameter Substitution: parameter "p_EmailHTML" =  "TWTWJanTQHcTSOQW%40hd-no-email-TSOQW.com"	[MsgId: MMSG-13992]
Action.c(1981): Notify: Parameter Substitution: parameter "p_EmailHTML" =  "TWTWJanTQHcTSOQW%40hd-no-email-TSOQW.com"	[MsgId: MMSG-13992]
Action.c(1981): Notify: Parameter Substitution: parameter "c_pageCode_01" =  "xf8c20283-e440-4a55-9bf1-d9df2a12be70"	[MsgId: MMSG-13992]
Action.c(1981): Notify: Parameter Substitution: parameter "c_pageCodeValue_01" =  "8432447f-763c-4fa2-9c15-6a14f33f7dc1"	[MsgId: MMSG-13992]
Action.c(1981): Error -26366: "Text=Your preferences" not found for web_reg_find  	[MsgId: MERR-26366]
End auto log messages stack.	[MsgId: MMSG-10544]


Start auto log messages stack - Iteration 1.	[MsgId: MMSG-10545]
Action.c(1981): Notify: Parameter Substitution: parameter "p_Host" =  "https://nft01.hastingsdirect.com"	[MsgId: MMSG-13992]
Action.c(1981): Notify: Parameter Substitution: parameter "p_Host" =  "https://nft01.hastingsdirect.com"	[MsgId: MMSG-13992]
Action.c(1981): Notify: Parameter Substitution: parameter "c_pageCode_01" =  "xeaae6621-3c2a-4dc2-b14b-658491ce2ae4"	[MsgId: MMSG-13992]
Action.c(1981): Notify: Parameter Substitution: parameter "c_pageCodeValue_01" =  "41e0a50e-c6bc-464a-adee-86b4a45b37b6"	[MsgId: MMSG-13992]
Action.c(1981): Notify: Parameter Substitution: parameter "p_VRN" =  "S6TAY"	[MsgId: MMSG-13992]
Action.c(1981): Notify: Parameter Substitution: parameter "co_FirstName" =  "TWTWJanTQHcTSOQW"	[MsgId: MMSG-13992]
Action.c(1981): Notify: Parameter Substitution: parameter "p_EmailDomain" =  "TSOQW"	[MsgId: MMSG-13992]
Action.c(1981): Notify: Parameter Substitution: parameter "p_Postcode" =  "PE38 9PG"	[MsgId: MMSG-13992]
Action.c(1981): Notify: Parameter Substitution: parameter "p_Policy_start_date" =  "19/01/2022"	[MsgId: MMSG-13992]
Action.c(1981): Notify: Parameter Substitution: parameter "p_EmailHTML" =  "TWTWJanTQHcTSOQW%40hd-no-email-TSOQW.com"	[MsgId: MMSG-13992]
Action.c(1981): Notify: Parameter Substitution: parameter "p_EmailHTML" =  "TWTWJanTQHcTSOQW%40hd-no-email-TSOQW.com"	[MsgId: MMSG-13992]
Action.c(1981): Notify: Parameter Substitution: parameter "c_pageCode_01" =  "xeaae6621-3c2a-4dc2-b14b-658491ce2ae4"	[MsgId: MMSG-13992]
Action.c(1981): Notify: Parameter Substitution: parameter "c_pageCodeValue_01" =  "41e0a50e-c6bc-464a-adee-86b4a45b37b6"	[MsgId: MMSG-13992]
Action.c(1981): Error -26366: "Text=Your preferences" not found for web_reg_find  	[MsgId: MERR-26366]
End auto log messages stack.	[MsgId: MMSG-10544]


Start auto log messages stack - Iteration 1.	[MsgId: MMSG-10545]
Action.c(1981): Notify: Parameter Substitution: parameter "p_Host" =  "https://nft01.hastingsdirect.com"	[MsgId: MMSG-13992]
Action.c(1981): Notify: Parameter Substitution: parameter "p_Host" =  "https://nft01.hastingsdirect.com"	[MsgId: MMSG-13992]
Action.c(1981): Notify: Parameter Substitution: parameter "c_pageCode_01" =  "x32753562-ff4e-46b3-9806-2b1e215b8c50"	[MsgId: MMSG-13992]
Action.c(1981): Notify: Parameter Substitution: parameter "c_pageCodeValue_01" =  "5deecb49-bed0-40f9-8616-71954fa69f22"	[MsgId: MMSG-13992]
Action.c(1981): Notify: Parameter Substitution: parameter "p_VRN" =  "S6TAY"	[MsgId: MMSG-13992]
Action.c(1981): Notify: Parameter Substitution: parameter "co_FirstName" =  "TWTWJanTQHcTSOQW"	[MsgId: MMSG-13992]
Action.c(1981): Notify: Parameter Substitution: parameter "p_EmailDomain" =  "TSOQW"	[MsgId: MMSG-13992]
Action.c(1981): Notify: Parameter Substitution: parameter "p_Postcode" =  "PE38 9PG"	[MsgId: MMSG-13992]
Action.c(1981): Notify: Parameter Substitution: parameter "p_Policy_start_date" =  "19/01/2022"	[MsgId: MMSG-13992]
Action.c(1981): Notify: Parameter Substitution: parameter "p_EmailHTML" =  "TWTWJanTQHcTSOQW%40hd-no-email-TSOQW.com"	[MsgId: MMSG-13992]
Action.c(1981): Notify: Parameter Substitution: parameter "p_EmailHTML" =  "TWTWJanTQHcTSOQW%40hd-no-email-TSOQW.com"	[MsgId: MMSG-13992]
Action.c(1981): Notify: Parameter Substitution: parameter "c_pageCode_01" =  "x32753562-ff4e-46b3-9806-2b1e215b8c50"	[MsgId: MMSG-13992]
Action.c(1981): Notify: Parameter Substitution: parameter "c_pageCodeValue_01" =  "5deecb49-bed0-40f9-8616-71954fa69f22"	[MsgId: MMSG-13992]
Action.c(1981): Error -26366: "Text=Your preferences" not found for web_reg_find  	[MsgId: MERR-26366]
End auto log messages stack.	[MsgId: MMSG-10544]


Start auto log messages stack - Iteration 1.	[MsgId: MMSG-10545]
Action.c(1981): Notify: Parameter Substitution: parameter "p_Host" =  "https://nft01.hastingsdirect.com"	[MsgId: MMSG-13992]
Action.c(1981): Notify: Parameter Substitution: parameter "p_Host" =  "https://nft01.hastingsdirect.com"	[MsgId: MMSG-13992]
Action.c(1981): Notify: Parameter Substitution: parameter "c_pageCode_01" =  "xa56558ab-5350-479a-912b-20a648f518f5"	[MsgId: MMSG-13992]
Action.c(1981): Notify: Parameter Substitution: parameter "c_pageCodeValue_01" =  "7c38ce3c-4914-4cf6-a9b5-04a4854bee1f"	[MsgId: MMSG-13992]
Action.c(1981): Notify: Parameter Substitution: parameter "p_VRN" =  "S6TAY"	[MsgId: MMSG-13992]
Action.c(1981): Notify: Parameter Substitution: parameter "co_FirstName" =  "TWTWJanTQHcTSOQW"	[MsgId: MMSG-13992]
Action.c(1981): Notify: Parameter Substitution: parameter "p_EmailDomain" =  "TSOQW"	[MsgId: MMSG-13992]
Action.c(1981): Notify: Parameter Substitution: parameter "p_Postcode" =  "PE38 9PG"	[MsgId: MMSG-13992]
Action.c(1981): Notify: Parameter Substitution: parameter "p_Policy_start_date" =  "19/01/2022"	[MsgId: MMSG-13992]
Action.c(1981): Notify: Parameter Substitution: parameter "p_EmailHTML" =  "TWTWJanTQHcTSOQW%40hd-no-email-TSOQW.com"	[MsgId: MMSG-13992]
Action.c(1981): Notify: Parameter Substitution: parameter "p_EmailHTML" =  "TWTWJanTQHcTSOQW%40hd-no-email-TSOQW.com"	[MsgId: MMSG-13992]
Action.c(1981): Notify: Parameter Substitution: parameter "c_pageCode_01" =  "xa56558ab-5350-479a-912b-20a648f518f5"	[MsgId: MMSG-13992]
Action.c(1981): Notify: Parameter Substitution: parameter "c_pageCodeValue_01" =  "7c38ce3c-4914-4cf6-a9b5-04a4854bee1f"	[MsgId: MMSG-13992]
Action.c(1981): Error -26366: "Text=Your preferences" not found for web_reg_find  	[MsgId: MERR-26366]
End auto log messages stack.	[MsgId: MMSG-10544]


Start auto log messages stack - Iteration 1.	[MsgId: MMSG-10545]
Action.c(1981): Notify: Parameter Substitution: parameter "p_Host" =  "https://nft01.hastingsdirect.com"	[MsgId: MMSG-13992]
Action.c(1981): Notify: Parameter Substitution: parameter "p_Host" =  "https://nft01.hastingsdirect.com"	[MsgId: MMSG-13992]
Action.c(1981): Notify: Parameter Substitution: parameter "c_pageCode_01" =  "xc84d2e64-97ae-48c7-b81d-1772e8efca88"	[MsgId: MMSG-13992]
Action.c(1981): Notify: Parameter Substitution: parameter "c_pageCodeValue_01" =  "3f873e0f-d76c-4547-868b-1e80958126cb"	[MsgId: MMSG-13992]
Action.c(1981): Notify: Parameter Substitution: parameter "p_VRN" =  "S6TAY"	[MsgId: MMSG-13992]
Action.c(1981): Notify: Parameter Substitution: parameter "co_FirstName" =  "TWTWJanTQHcTSOQW"	[MsgId: MMSG-13992]
Action.c(1981): Notify: Parameter Substitution: parameter "p_EmailDomain" =  "TSOQW"	[MsgId: MMSG-13992]
Action.c(1981): Notify: Parameter Substitution: parameter "p_Postcode" =  "PE38 9PG"	[MsgId: MMSG-13992]
Action.c(1981): Notify: Parameter Substitution: parameter "p_Policy_start_date" =  "19/01/2022"	[MsgId: MMSG-13992]
Action.c(1981): Notify: Parameter Substitution: parameter "p_EmailHTML" =  "TWTWJanTQHcTSOQW%40hd-no-email-TSOQW.com"	[MsgId: MMSG-13992]
Action.c(1981): Notify: Parameter Substitution: parameter "p_EmailHTML" =  "TWTWJanTQHcTSOQW%40hd-no-email-TSOQW.com"	[MsgId: MMSG-13992]
Action.c(1981): Notify: Parameter Substitution: parameter "c_pageCode_01" =  "xc84d2e64-97ae-48c7-b81d-1772e8efca88"	[MsgId: MMSG-13992]
Action.c(1981): Notify: Parameter Substitution: parameter "c_pageCodeValue_01" =  "3f873e0f-d76c-4547-868b-1e80958126cb"	[MsgId: MMSG-13992]
Action.c(1981): Error -26366: "Text=Your preferences" not found for web_reg_find  	[MsgId: MERR-26366]
End auto log messages stack.	[MsgId: MMSG-10544]


Start auto log messages stack - Iteration 1.	[MsgId: MMSG-10545]
Action.c(1981): Notify: Parameter Substitution: parameter "p_Host" =  "https://nft01.hastingsdirect.com"	[MsgId: MMSG-13992]
Action.c(1981): Notify: Parameter Substitution: parameter "p_Host" =  "https://nft01.hastingsdirect.com"	[MsgId: MMSG-13992]
Action.c(1981): Notify: Parameter Substitution: parameter "c_pageCode_01" =  "x3bb26f81-94b4-43ab-a3aa-239bf8e705ef"	[MsgId: MMSG-13992]
Action.c(1981): Notify: Parameter Substitution: parameter "c_pageCodeValue_01" =  "37b8afc9-6f1e-41e1-b22f-1da99ec54d85"	[MsgId: MMSG-13992]
Action.c(1981): Notify: Parameter Substitution: parameter "p_VRN" =  "S6TAY"	[MsgId: MMSG-13992]
Action.c(1981): Notify: Parameter Substitution: parameter "co_FirstName" =  "TWTWJanTQHcTSOQW"	[MsgId: MMSG-13992]
Action.c(1981): Notify: Parameter Substitution: parameter "p_EmailDomain" =  "TSOQW"	[MsgId: MMSG-13992]
Action.c(1981): Notify: Parameter Substitution: parameter "p_Postcode" =  "PE38 9PG"	[MsgId: MMSG-13992]
Action.c(1981): Notify: Parameter Substitution: parameter "p_Policy_start_date" =  "19/01/2022"	[MsgId: MMSG-13992]
Action.c(1981): Notify: Parameter Substitution: parameter "p_EmailHTML" =  "TWTWJanTQHcTSOQW%40hd-no-email-TSOQW.com"	[MsgId: MMSG-13992]
Action.c(1981): Notify: Parameter Substitution: parameter "p_EmailHTML" =  "TWTWJanTQHcTSOQW%40hd-no-email-TSOQW.com"	[MsgId: MMSG-13992]
Action.c(1981): Notify: Parameter Substitution: parameter "c_pageCode_01" =  "x3bb26f81-94b4-43ab-a3aa-239bf8e705ef"	[MsgId: MMSG-13992]
Action.c(1981): Notify: Parameter Substitution: parameter "c_pageCodeValue_01" =  "37b8afc9-6f1e-41e1-b22f-1da99ec54d85"	[MsgId: MMSG-13992]
Action.c(1981): Error -26366: "Text=Your preferences" not found for web_reg_find  	[MsgId: MERR-26366]
End auto log messages stack.	[MsgId: MMSG-10544]


Start auto log messages stack - Iteration 1.	[MsgId: MMSG-10545]
Action.c(1981): Notify: Parameter Substitution: parameter "p_Host" =  "https://nft01.hastingsdirect.com"	[MsgId: MMSG-13992]
Action.c(1981): Notify: Parameter Substitution: parameter "p_Host" =  "https://nft01.hastingsdirect.com"	[MsgId: MMSG-13992]
Action.c(1981): Notify: Parameter Substitution: parameter "c_pageCode_01" =  "x58633e76-9738-45d6-8710-25de0e30c561"	[MsgId: MMSG-13992]
Action.c(1981): Notify: Parameter Substitution: parameter "c_pageCodeValue_01" =  "6ba39acf-0817-4658-9dd8-827cfd957952"	[MsgId: MMSG-13992]
Action.c(1981): Notify: Parameter Substitution: parameter "p_VRN" =  "S6TAY"	[MsgId: MMSG-13992]
Action.c(1981): Notify: Parameter Substitution: parameter "co_FirstName" =  "TWTWJanTQHcTSOQW"	[MsgId: MMSG-13992]
Action.c(1981): Notify: Parameter Substitution: parameter "p_EmailDomain" =  "TSOQW"	[MsgId: MMSG-13992]
Action.c(1981): Notify: Parameter Substitution: parameter "p_Postcode" =  "PE38 9PG"	[MsgId: MMSG-13992]
Action.c(1981): Notify: Parameter Substitution: parameter "p_Policy_start_date" =  "19/01/2022"	[MsgId: MMSG-13992]
Action.c(1981): Notify: Parameter Substitution: parameter "p_EmailHTML" =  "TWTWJanTQHcTSOQW%40hd-no-email-TSOQW.com"	[MsgId: MMSG-13992]
Action.c(1981): Notify: Parameter Substitution: parameter "p_EmailHTML" =  "TWTWJanTQHcTSOQW%40hd-no-email-TSOQW.com"	[MsgId: MMSG-13992]
Action.c(1981): Notify: Parameter Substitution: parameter "c_pageCode_01" =  "x58633e76-9738-45d6-8710-25de0e30c561"	[MsgId: MMSG-13992]
Action.c(1981): Notify: Parameter Substitution: parameter "c_pageCodeValue_01" =  "6ba39acf-0817-4658-9dd8-827cfd957952"	[MsgId: MMSG-13992]
Action.c(1981): Error -26366: "Text=Your preferences" not found for web_reg_find  	[MsgId: MERR-26366]
End auto log messages stack.	[MsgId: MMSG-10544]


Start auto log messages stack - Iteration 1.	[MsgId: MMSG-10545]
Action.c(1981): Notify: Parameter Substitution: parameter "p_Host" =  "https://nft01.hastingsdirect.com"	[MsgId: MMSG-13992]
Action.c(1981): Notify: Parameter Substitution: parameter "p_Host" =  "https://nft01.hastingsdirect.com"	[MsgId: MMSG-13992]
Action.c(1981): Notify: Parameter Substitution: parameter "c_pageCode_01" =  "x00a17a61-6a03-47f9-863b-28313a698d04"	[MsgId: MMSG-13992]
Action.c(1981): Notify: Parameter Substitution: parameter "c_pageCodeValue_01" =  "ea5c1cc6-56c5-45c8-bdc6-eb049011973d"	[MsgId: MMSG-13992]
Action.c(1981): Notify: Parameter Substitution: parameter "p_VRN" =  "S6TAY"	[MsgId: MMSG-13992]
Action.c(1981): Notify: Parameter Substitution: parameter "co_FirstName" =  "TWTWJanTQHcTSOQW"	[MsgId: MMSG-13992]
Action.c(1981): Notify: Parameter Substitution: parameter "p_EmailDomain" =  "TSOQW"	[MsgId: MMSG-13992]
Action.c(1981): Notify: Parameter Substitution: parameter "p_Postcode" =  "PE38 9PG"	[MsgId: MMSG-13992]
Action.c(1981): Notify: Parameter Substitution: parameter "p_Policy_start_date" =  "19/01/2022"	[MsgId: MMSG-13992]
Action.c(1981): Notify: Parameter Substitution: parameter "p_EmailHTML" =  "TWTWJanTQHcTSOQW%40hd-no-email-TSOQW.com"	[MsgId: MMSG-13992]
Action.c(1981): Notify: Parameter Substitution: parameter "p_EmailHTML" =  "TWTWJanTQHcTSOQW%40hd-no-email-TSOQW.com"	[MsgId: MMSG-13992]
Action.c(1981): Notify: Parameter Substitution: parameter "c_pageCode_01" =  "x00a17a61-6a03-47f9-863b-28313a698d04"	[MsgId: MMSG-13992]
Action.c(1981): Notify: Parameter Substitution: parameter "c_pageCodeValue_01" =  "ea5c1cc6-56c5-45c8-bdc6-eb049011973d"	[MsgId: MMSG-13992]
Action.c(1981): Error -26366: "Text=Your preferences" not found for web_reg_find  	[MsgId: MERR-26366]
End auto log messages stack.	[MsgId: MMSG-10544]


Start auto log messages stack - Iteration 1.	[MsgId: MMSG-10545]
Action.c(1981): Notify: Parameter Substitution: parameter "p_Host" =  "https://nft01.hastingsdirect.com"	[MsgId: MMSG-13992]
Action.c(1981): Notify: Parameter Substitution: parameter "p_Host" =  "https://nft01.hastingsdirect.com"	[MsgId: MMSG-13992]
Action.c(1981): Notify: Parameter Substitution: parameter "c_pageCode_01" =  "x26cbb489-eae5-4bfd-b806-a0e00c3bdcff"	[MsgId: MMSG-13992]
Action.c(1981): Notify: Parameter Substitution: parameter "c_pageCodeValue_01" =  "b1704b55-6aeb-489e-ac5e-5a7368ccfff2"	[MsgId: MMSG-13992]
Action.c(1981): Notify: Parameter Substitution: parameter "p_VRN" =  "S6TAY"	[MsgId: MMSG-13992]
Action.c(1981): Notify: Parameter Substitution: parameter "co_FirstName" =  "TWTWJanTQHcTSOQW"	[MsgId: MMSG-13992]
Action.c(1981): Notify: Parameter Substitution: parameter "p_EmailDomain" =  "TSOQW"	[MsgId: MMSG-13992]
Action.c(1981): Notify: Parameter Substitution: parameter "p_Postcode" =  "PE38 9PG"	[MsgId: MMSG-13992]
Action.c(1981): Notify: Parameter Substitution: parameter "p_Policy_start_date" =  "19/01/2022"	[MsgId: MMSG-13992]
Action.c(1981): Notify: Parameter Substitution: parameter "p_EmailHTML" =  "TWTWJanTQHcTSOQW%40hd-no-email-TSOQW.com"	[MsgId: MMSG-13992]
Action.c(1981): Notify: Parameter Substitution: parameter "p_EmailHTML" =  "TWTWJanTQHcTSOQW%40hd-no-email-TSOQW.com"	[MsgId: MMSG-13992]
Action.c(1981): Notify: Parameter Substitution: parameter "c_pageCode_01" =  "x26cbb489-eae5-4bfd-b806-a0e00c3bdcff"	[MsgId: MMSG-13992]
Action.c(1981): Notify: Parameter Substitution: parameter "c_pageCodeValue_01" =  "b1704b55-6aeb-489e-ac5e-5a7368ccfff2"	[MsgId: MMSG-13992]
Action.c(1981): Error -26366: "Text=Your preferences" not found for web_reg_find  	[MsgId: MERR-26366]
End auto log messages stack.	[MsgId: MMSG-10544]


Start auto log messages stack - Iteration 1.	[MsgId: MMSG-10545]
Action.c(1981): Notify: Parameter Substitution: parameter "p_Host" =  "https://nft01.hastingsdirect.com"	[MsgId: MMSG-13992]
Action.c(1981): Notify: Parameter Substitution: parameter "p_Host" =  "https://nft01.hastingsdirect.com"	[MsgId: MMSG-13992]
Action.c(1981): Notify: Parameter Substitution: parameter "c_pageCode_01" =  "x2f12cfdf-082b-49e9-b3ad-b11fbe4290ff"	[MsgId: MMSG-13992]
Action.c(1981): Notify: Parameter Substitution: parameter "c_pageCodeValue_01" =  "554d7965-18e7-45b4-9618-78eec0657453"	[MsgId: MMSG-13992]
Action.c(1981): Notify: Parameter Substitution: parameter "p_VRN" =  "S6TAY"	[MsgId: MMSG-13992]
Action.c(1981): Notify: Parameter Substitution: parameter "co_FirstName" =  "TWTWJanTQHcTSOQW"	[MsgId: MMSG-13992]
Action.c(1981): Notify: Parameter Substitution: parameter "p_EmailDomain" =  "TSOQW"	[MsgId: MMSG-13992]
Action.c(1981): Notify: Parameter Substitution: parameter "p_Postcode" =  "PE38 9PG"	[MsgId: MMSG-13992]
Action.c(1981): Notify: Parameter Substitution: parameter "p_Policy_start_date" =  "19/01/2022"	[MsgId: MMSG-13992]
Action.c(1981): Notify: Parameter Substitution: parameter "p_EmailHTML" =  "TWTWJanTQHcTSOQW%40hd-no-email-TSOQW.com"	[MsgId: MMSG-13992]
Action.c(1981): Notify: Parameter Substitution: parameter "p_EmailHTML" =  "TWTWJanTQHcTSOQW%40hd-no-email-TSOQW.com"	[MsgId: MMSG-13992]
Action.c(1981): Notify: Parameter Substitution: parameter "c_pageCode_01" =  "x2f12cfdf-082b-49e9-b3ad-b11fbe4290ff"	[MsgId: MMSG-13992]
Action.c(1981): Notify: Parameter Substitution: parameter "c_pageCodeValue_01" =  "554d7965-18e7-45b4-9618-78eec0657453"	[MsgId: MMSG-13992]
Action.c(1981): Error -26366: "Text=Your preferences" not found for web_reg_find  	[MsgId: MERR-26366]
End auto log messages stack.	[MsgId: MMSG-10544]


Start auto log messages stack - Iteration 1.	[MsgId: MMSG-10545]
Action.c(1981): Notify: Parameter Substitution: parameter "p_Host" =  "https://nft01.hastingsdirect.com"	[MsgId: MMSG-13992]
Action.c(1981): Notify: Parameter Substitution: parameter "p_Host" =  "https://nft01.hastingsdirect.com"	[MsgId: MMSG-13992]
Action.c(1981): Notify: Parameter Substitution: parameter "c_pageCode_01" =  "xe348de5c-b758-45d9-9001-170e72da8020"	[MsgId: MMSG-13992]
Action.c(1981): Notify: Parameter Substitution: parameter "c_pageCodeValue_01" =  "d8130f3b-c82b-4a65-ae1f-5a346924593f"	[MsgId: MMSG-13992]
Action.c(1981): Notify: Parameter Substitution: parameter "p_VRN" =  "S6TAY"	[MsgId: MMSG-13992]
Action.c(1981): Notify: Parameter Substitution: parameter "co_FirstName" =  "TWTWJanTQHcTSOQW"	[MsgId: MMSG-13992]
Action.c(1981): Notify: Parameter Substitution: parameter "p_EmailDomain" =  "TSOQW"	[MsgId: MMSG-13992]
Action.c(1981): Notify: Parameter Substitution: parameter "p_Postcode" =  "PE38 9PG"	[MsgId: MMSG-13992]
Action.c(1981): Notify: Parameter Substitution: parameter "p_Policy_start_date" =  "19/01/2022"	[MsgId: MMSG-13992]
Action.c(1981): Notify: Parameter Substitution: parameter "p_EmailHTML" =  "TWTWJanTQHcTSOQW%40hd-no-email-TSOQW.com"	[MsgId: MMSG-13992]
Action.c(1981): Notify: Parameter Substitution: parameter "p_EmailHTML" =  "TWTWJanTQHcTSOQW%40hd-no-email-TSOQW.com"	[MsgId: MMSG-13992]
Action.c(1981): Notify: Parameter Substitution: parameter "c_pageCode_01" =  "xe348de5c-b758-45d9-9001-170e72da8020"	[MsgId: MMSG-13992]
Action.c(1981): Notify: Parameter Substitution: parameter "c_pageCodeValue_01" =  "d8130f3b-c82b-4a65-ae1f-5a346924593f"	[MsgId: MMSG-13992]
Action.c(1981): Error -26366: "Text=Your preferences" not found for web_reg_find  	[MsgId: MERR-26366]
End auto log messages stack.	[MsgId: MMSG-10544]


Start auto log messages stack - Iteration 1.	[MsgId: MMSG-10545]
Action.c(1981): Notify: Parameter Substitution: parameter "p_Host" =  "https://nft01.hastingsdirect.com"	[MsgId: MMSG-13992]
Action.c(1981): Notify: Parameter Substitution: parameter "p_Host" =  "https://nft01.hastingsdirect.com"	[MsgId: MMSG-13992]
Action.c(1981): Notify: Parameter Substitution: parameter "c_pageCode_01" =  "x61b7bd75-2299-4f26-9971-c26343a1de58"	[MsgId: MMSG-13992]
Action.c(1981): Notify: Parameter Substitution: parameter "c_pageCodeValue_01" =  "deb739d1-bc05-4f3a-9443-f08e7f6814ce"	[MsgId: MMSG-13992]
Action.c(1981): Notify: Parameter Substitution: parameter "p_VRN" =  "S6TAY"	[MsgId: MMSG-13992]
Action.c(1981): Notify: Parameter Substitution: parameter "co_FirstName" =  "TWTWJanTQHcTSOQW"	[MsgId: MMSG-13992]
Action.c(1981): Notify: Parameter Substitution: parameter "p_EmailDomain" =  "TSOQW"	[MsgId: MMSG-13992]
Action.c(1981): Notify: Parameter Substitution: parameter "p_Postcode" =  "PE38 9PG"	[MsgId: MMSG-13992]
Action.c(1981): Notify: Parameter Substitution: parameter "p_Policy_start_date" =  "19/01/2022"	[MsgId: MMSG-13992]
Action.c(1981): Notify: Parameter Substitution: parameter "p_EmailHTML" =  "TWTWJanTQHcTSOQW%40hd-no-email-TSOQW.com"	[MsgId: MMSG-13992]
Action.c(1981): Notify: Parameter Substitution: parameter "p_EmailHTML" =  "TWTWJanTQHcTSOQW%40hd-no-email-TSOQW.com"	[MsgId: MMSG-13992]
Action.c(1981): Notify: Parameter Substitution: parameter "c_pageCode_01" =  "x61b7bd75-2299-4f26-9971-c26343a1de58"	[MsgId: MMSG-13992]
Action.c(1981): Notify: Parameter Substitution: parameter "c_pageCodeValue_01" =  "deb739d1-bc05-4f3a-9443-f08e7f6814ce"	[MsgId: MMSG-13992]
Action.c(1981): Error -26366: "Text=Your preferences" not found for web_reg_find  	[MsgId: MERR-26366]
End auto log messages stack.	[MsgId: MMSG-10544]


Start auto log messages stack - Iteration 1.	[MsgId: MMSG-10545]
Action.c(1981): Notify: Parameter Substitution: parameter "p_Host" =  "https://nft01.hastingsdirect.com"	[MsgId: MMSG-13992]
Action.c(1981): Notify: Parameter Substitution: parameter "p_Host" =  "https://nft01.hastingsdirect.com"	[MsgId: MMSG-13992]
Action.c(1981): Notify: Parameter Substitution: parameter "c_pageCode_01" =  "x3764d2c0-39e4-41f2-9954-944277cc1d91"	[MsgId: MMSG-13992]
Action.c(1981): Notify: Parameter Substitution: parameter "c_pageCodeValue_01" =  "82228162-6ad2-4cd1-b4a3-103d832d0883"	[MsgId: MMSG-13992]
Action.c(1981): Notify: Parameter Substitution: parameter "p_VRN" =  "S6TAY"	[MsgId: MMSG-13992]
Action.c(1981): Notify: Parameter Substitution: parameter "co_FirstName" =  "TWTWJanTQHcTSOQW"	[MsgId: MMSG-13992]
Action.c(1981): Notify: Parameter Substitution: parameter "p_EmailDomain" =  "TSOQW"	[MsgId: MMSG-13992]
Action.c(1981): Notify: Parameter Substitution: parameter "p_Postcode" =  "PE38 9PG"	[MsgId: MMSG-13992]
Action.c(1981): Notify: Parameter Substitution: parameter "p_Policy_start_date" =  "19/01/2022"	[MsgId: MMSG-13992]
Action.c(1981): Notify: Parameter Substitution: parameter "p_EmailHTML" =  "TWTWJanTQHcTSOQW%40hd-no-email-TSOQW.com"	[MsgId: MMSG-13992]
Action.c(1981): Notify: Parameter Substitution: parameter "p_EmailHTML" =  "TWTWJanTQHcTSOQW%40hd-no-email-TSOQW.com"	[MsgId: MMSG-13992]
Action.c(1981): Notify: Parameter Substitution: parameter "c_pageCode_01" =  "x3764d2c0-39e4-41f2-9954-944277cc1d91"	[MsgId: MMSG-13992]
Action.c(1981): Notify: Parameter Substitution: parameter "c_pageCodeValue_01" =  "82228162-6ad2-4cd1-b4a3-103d832d0883"	[MsgId: MMSG-13992]
Action.c(1981): Error -26366: "Text=Your preferences" not found for web_reg_find  	[MsgId: MERR-26366]
End auto log messages stack.	[MsgId: MMSG-10544]


Start auto log messages stack - Iteration 1.	[MsgId: MMSG-10545]
Action.c(1981): Notify: Parameter Substitution: parameter "p_Host" =  "https://nft01.hastingsdirect.com"	[MsgId: MMSG-13992]
Action.c(1981): Notify: Parameter Substitution: parameter "p_Host" =  "https://nft01.hastingsdirect.com"	[MsgId: MMSG-13992]
Action.c(1981): Notify: Parameter Substitution: parameter "c_pageCode_01" =  "xd28e4965-81df-40b5-b2bf-2ea7b5962b32"	[MsgId: MMSG-13992]
Action.c(1981): Notify: Parameter Substitution: parameter "c_pageCodeValue_01" =  "8d14eb36-0d08-464f-89a9-809737d3d57f"	[MsgId: MMSG-13992]
Action.c(1981): Notify: Parameter Substitution: parameter "p_VRN" =  "S6TAY"	[MsgId: MMSG-13992]
Action.c(1981): Notify: Parameter Substitution: parameter "co_FirstName" =  "TWTWJanTQHcTSOQW"	[MsgId: MMSG-13992]
Action.c(1981): Notify: Parameter Substitution: parameter "p_EmailDomain" =  "TSOQW"	[MsgId: MMSG-13992]
Action.c(1981): Notify: Parameter Substitution: parameter "p_Postcode" =  "PE38 9PG"	[MsgId: MMSG-13992]
Action.c(1981): Notify: Parameter Substitution: parameter "p_Policy_start_date" =  "19/01/2022"	[MsgId: MMSG-13992]
Action.c(1981): Notify: Parameter Substitution: parameter "p_EmailHTML" =  "TWTWJanTQHcTSOQW%40hd-no-email-TSOQW.com"	[MsgId: MMSG-13992]
Action.c(1981): Notify: Parameter Substitution: parameter "p_EmailHTML" =  "TWTWJanTQHcTSOQW%40hd-no-email-TSOQW.com"	[MsgId: MMSG-13992]
Action.c(1981): Notify: Parameter Substitution: parameter "c_pageCode_01" =  "xd28e4965-81df-40b5-b2bf-2ea7b5962b32"	[MsgId: MMSG-13992]
Action.c(1981): Notify: Parameter Substitution: parameter "c_pageCodeValue_01" =  "8d14eb36-0d08-464f-89a9-809737d3d57f"	[MsgId: MMSG-13992]
Action.c(1981): Error -26366: "Text=Your preferences" not found for web_reg_find  	[MsgId: MERR-26366]
End auto log messages stack.	[MsgId: MMSG-10544]


Start auto log messages stack - Iteration 1.	[MsgId: MMSG-10545]
Action.c(1981): Notify: Parameter Substitution: parameter "p_Host" =  "https://nft01.hastingsdirect.com"	[MsgId: MMSG-13992]
Action.c(1981): Notify: Parameter Substitution: parameter "p_Host" =  "https://nft01.hastingsdirect.com"	[MsgId: MMSG-13992]
Action.c(1981): Notify: Parameter Substitution: parameter "c_pageCode_01" =  "x6b611662-bf66-45a6-a113-9e7fce2db0a0"	[MsgId: MMSG-13992]
Action.c(1981): Notify: Parameter Substitution: parameter "c_pageCodeValue_01" =  "aaa5fa87-13c7-4263-9d1d-ba7cbe930639"	[MsgId: MMSG-13992]
Action.c(1981): Notify: Parameter Substitution: parameter "p_VRN" =  "S6TAY"	[MsgId: MMSG-13992]
Action.c(1981): Notify: Parameter Substitution: parameter "co_FirstName" =  "TWTWJanTQHcTSOQW"	[MsgId: MMSG-13992]
Action.c(1981): Notify: Parameter Substitution: parameter "p_EmailDomain" =  "TSOQW"	[MsgId: MMSG-13992]
Action.c(1981): Notify: Parameter Substitution: parameter "p_Postcode" =  "PE38 9PG"	[MsgId: MMSG-13992]
Action.c(1981): Notify: Parameter Substitution: parameter "p_Policy_start_date" =  "19/01/2022"	[MsgId: MMSG-13992]
Action.c(1981): Notify: Parameter Substitution: parameter "p_EmailHTML" =  "TWTWJanTQHcTSOQW%40hd-no-email-TSOQW.com"	[MsgId: MMSG-13992]
Action.c(1981): Notify: Parameter Substitution: parameter "p_EmailHTML" =  "TWTWJanTQHcTSOQW%40hd-no-email-TSOQW.com"	[MsgId: MMSG-13992]
Action.c(1981): Notify: Parameter Substitution: parameter "c_pageCode_01" =  "x6b611662-bf66-45a6-a113-9e7fce2db0a0"	[MsgId: MMSG-13992]
Action.c(1981): Notify: Parameter Substitution: parameter "c_pageCodeValue_01" =  "aaa5fa87-13c7-4263-9d1d-ba7cbe930639"	[MsgId: MMSG-13992]
Action.c(1981): Error -26366: "Text=Your preferences" not found for web_reg_find  	[MsgId: MERR-26366]
End auto log messages stack.	[MsgId: MMSG-10544]


Start auto log messages stack - Iteration 1.	[MsgId: MMSG-10545]
Action.c(1981): Notify: Parameter Substitution: parameter "p_Host" =  "https://nft01.hastingsdirect.com"	[MsgId: MMSG-13992]
Action.c(1981): Notify: Parameter Substitution: parameter "p_Host" =  "https://nft01.hastingsdirect.com"	[MsgId: MMSG-13992]
Action.c(1981): Notify: Parameter Substitution: parameter "c_pageCode_01" =  "x13c8479d-d9fe-4c54-8c16-bed16a49d76b"	[MsgId: MMSG-13992]
Action.c(1981): Notify: Parameter Substitution: parameter "c_pageCodeValue_01" =  "cb802e24-ec4f-4615-81c3-156d6aae0e6c"	[MsgId: MMSG-13992]
Action.c(1981): Notify: Parameter Substitution: parameter "p_VRN" =  "S6TAY"	[MsgId: MMSG-13992]
Action.c(1981): Notify: Parameter Substitution: parameter "co_FirstName" =  "TWTWJanTQHcTSOQW"	[MsgId: MMSG-13992]
Action.c(1981): Notify: Parameter Substitution: parameter "p_EmailDomain" =  "TSOQW"	[MsgId: MMSG-13992]
Action.c(1981): Notify: Parameter Substitution: parameter "p_Postcode" =  "PE38 9PG"	[MsgId: MMSG-13992]
Action.c(1981): Notify: Parameter Substitution: parameter "p_Policy_start_date" =  "19/01/2022"	[MsgId: MMSG-13992]
Action.c(1981): Notify: Parameter Substitution: parameter "p_EmailHTML" =  "TWTWJanTQHcTSOQW%40hd-no-email-TSOQW.com"	[MsgId: MMSG-13992]
Action.c(1981): Notify: Parameter Substitution: parameter "p_EmailHTML" =  "TWTWJanTQHcTSOQW%40hd-no-email-TSOQW.com"	[MsgId: MMSG-13992]
Action.c(1981): Notify: Parameter Substitution: parameter "c_pageCode_01" =  "x13c8479d-d9fe-4c54-8c16-bed16a49d76b"	[MsgId: MMSG-13992]
Action.c(1981): Notify: Parameter Substitution: parameter "c_pageCodeValue_01" =  "cb802e24-ec4f-4615-81c3-156d6aae0e6c"	[MsgId: MMSG-13992]
Action.c(1981): Error -26366: "Text=Your preferences" not found for web_reg_find  	[MsgId: MERR-26366]
End auto log messages stack.	[MsgId: MMSG-10544]


Start auto log messages stack - Iteration 1.	[MsgId: MMSG-10545]
Action.c(1981): Notify: Parameter Substitution: parameter "p_Host" =  "https://nft01.hastingsdirect.com"	[MsgId: MMSG-13992]
Action.c(1981): Notify: Parameter Substitution: parameter "p_Host" =  "https://nft01.hastingsdirect.com"	[MsgId: MMSG-13992]
Action.c(1981): Notify: Parameter Substitution: parameter "c_pageCode_01" =  "x53027ef2-c836-42f8-98dd-9c298c7a2f6e"	[MsgId: MMSG-13992]
Action.c(1981): Notify: Parameter Substitution: parameter "c_pageCodeValue_01" =  "73aaec8d-d612-4966-aa11-b5d320832348"	[MsgId: MMSG-13992]
Action.c(1981): Notify: Parameter Substitution: parameter "p_VRN" =  "S6TAY"	[MsgId: MMSG-13992]
Action.c(1981): Notify: Parameter Substitution: parameter "co_FirstName" =  "TWTWJanTQHcTSOQW"	[MsgId: MMSG-13992]
Action.c(1981): Notify: Parameter Substitution: parameter "p_EmailDomain" =  "TSOQW"	[MsgId: MMSG-13992]
Action.c(1981): Notify: Parameter Substitution: parameter "p_Postcode" =  "PE38 9PG"	[MsgId: MMSG-13992]
Action.c(1981): Notify: Parameter Substitution: parameter "p_Policy_start_date" =  "19/01/2022"	[MsgId: MMSG-13992]
Action.c(1981): Notify: Parameter Substitution: parameter "p_EmailHTML" =  "TWTWJanTQHcTSOQW%40hd-no-email-TSOQW.com"	[MsgId: MMSG-13992]
Action.c(1981): Notify: Parameter Substitution: parameter "p_EmailHTML" =  "TWTWJanTQHcTSOQW%40hd-no-email-TSOQW.com"	[MsgId: MMSG-13992]
Action.c(1981): Notify: Parameter Substitution: parameter "c_pageCode_01" =  "x53027ef2-c836-42f8-98dd-9c298c7a2f6e"	[MsgId: MMSG-13992]
Action.c(1981): Notify: Parameter Substitution: parameter "c_pageCodeValue_01" =  "73aaec8d-d612-4966-aa11-b5d320832348"	[MsgId: MMSG-13992]
Action.c(1981): Error -26366: "Text=Your preferences" not found for web_reg_find  	[MsgId: MERR-26366]
End auto log messages stack.	[MsgId: MMSG-10544]


Start auto log messages stack - Iteration 1.	[MsgId: MMSG-10545]
Action.c(1981): Notify: Parameter Substitution: parameter "p_Host" =  "https://nft01.hastingsdirect.com"	[MsgId: MMSG-13992]
Action.c(1981): Notify: Parameter Substitution: parameter "p_Host" =  "https://nft01.hastingsdirect.com"	[MsgId: MMSG-13992]
Action.c(1981): Notify: Parameter Substitution: parameter "c_pageCode_01" =  "x7a33bde3-0c57-4263-b142-3435e55f9641"	[MsgId: MMSG-13992]
Action.c(1981): Notify: Parameter Substitution: parameter "c_pageCodeValue_01" =  "caf876f6-7d3a-4cb5-99bb-2da7f1f0c588"	[MsgId: MMSG-13992]
Action.c(1981): Notify: Parameter Substitution: parameter "p_VRN" =  "S6TAY"	[MsgId: MMSG-13992]
Action.c(1981): Notify: Parameter Substitution: parameter "co_FirstName" =  "TWTWJanTQHcTSOQW"	[MsgId: MMSG-13992]
Action.c(1981): Notify: Parameter Substitution: parameter "p_EmailDomain" =  "TSOQW"	[MsgId: MMSG-13992]
Action.c(1981): Notify: Parameter Substitution: parameter "p_Postcode" =  "PE38 9PG"	[MsgId: MMSG-13992]
Action.c(1981): Notify: Parameter Substitution: parameter "p_Policy_start_date" =  "19/01/2022"	[MsgId: MMSG-13992]
Action.c(1981): Notify: Parameter Substitution: parameter "p_EmailHTML" =  "TWTWJanTQHcTSOQW%40hd-no-email-TSOQW.com"	[MsgId: MMSG-13992]
Action.c(1981): Notify: Parameter Substitution: parameter "p_EmailHTML" =  "TWTWJanTQHcTSOQW%40hd-no-email-TSOQW.com"	[MsgId: MMSG-13992]
Action.c(1981): Notify: Parameter Substitution: parameter "c_pageCode_01" =  "x7a33bde3-0c57-4263-b142-3435e55f9641"	[MsgId: MMSG-13992]
Action.c(1981): Notify: Parameter Substitution: parameter "c_pageCodeValue_01" =  "caf876f6-7d3a-4cb5-99bb-2da7f1f0c588"	[MsgId: MMSG-13992]
Action.c(1981): Error -26366: "Text=Your preferences" not found for web_reg_find  	[MsgId: MERR-26366]
End auto log messages stack.	[MsgId: MMSG-10544]


Start auto log messages stack - Iteration 1.	[MsgId: MMSG-10545]
Action.c(1981): Notify: Parameter Substitution: parameter "p_Host" =  "https://nft01.hastingsdirect.com"	[MsgId: MMSG-13992]
Action.c(1981): Notify: Parameter Substitution: parameter "p_Host" =  "https://nft01.hastingsdirect.com"	[MsgId: MMSG-13992]
Action.c(1981): Notify: Parameter Substitution: parameter "c_pageCode_01" =  "xd6f6dfe2-a5f7-4f7f-8312-37590a7fd82d"	[MsgId: MMSG-13992]
Action.c(1981): Notify: Parameter Substitution: parameter "c_pageCodeValue_01" =  "b9f84b19-1593-4d6b-91ef-1daa2fabd31f"	[MsgId: MMSG-13992]
Action.c(1981): Notify: Parameter Substitution: parameter "p_VRN" =  "S6TAY"	[MsgId: MMSG-13992]
Action.c(1981): Notify: Parameter Substitution: parameter "co_FirstName" =  "TWTWJanTQHcTSOQW"	[MsgId: MMSG-13992]
Action.c(1981): Notify: Parameter Substitution: parameter "p_EmailDomain" =  "TSOQW"	[MsgId: MMSG-13992]
Action.c(1981): Notify: Parameter Substitution: parameter "p_Postcode" =  "PE38 9PG"	[MsgId: MMSG-13992]
Action.c(1981): Notify: Parameter Substitution: parameter "p_Policy_start_date" =  "19/01/2022"	[MsgId: MMSG-13992]
Action.c(1981): Notify: Parameter Substitution: parameter "p_EmailHTML" =  "TWTWJanTQHcTSOQW%40hd-no-email-TSOQW.com"	[MsgId: MMSG-13992]
Action.c(1981): Notify: Parameter Substitution: parameter "p_EmailHTML" =  "TWTWJanTQHcTSOQW%40hd-no-email-TSOQW.com"	[MsgId: MMSG-13992]
Action.c(1981): Notify: Parameter Substitution: parameter "c_pageCode_01" =  "xd6f6dfe2-a5f7-4f7f-8312-37590a7fd82d"	[MsgId: MMSG-13992]
Action.c(1981): Notify: Parameter Substitution: parameter "c_pageCodeValue_01" =  "b9f84b19-1593-4d6b-91ef-1daa2fabd31f"	[MsgId: MMSG-13992]
Action.c(1981): Error -26366: "Text=Your preferences" not found for web_reg_find  	[MsgId: MERR-26366]
End auto log messages stack.	[MsgId: MMSG-10544]


Start auto log messages stack - Iteration 2.	[MsgId: MMSG-10545]
Action.c(1981): Notify: Parameter Substitution: parameter "p_Host" =  "https://nft01.hastingsdirect.com"	[MsgId: MMSG-13992]
Action.c(1981): Notify: Parameter Substitution: parameter "p_Host" =  "https://nft01.hastingsdirect.com"	[MsgId: MMSG-13992]
Action.c(1981): Notify: Parameter Substitution: parameter "c_pageCode_01" =  "x63eb7f77-7897-49cf-86ad-e131cf79be7c"	[MsgId: MMSG-13992]
Action.c(1981): Notify: Parameter Substitution: parameter "c_pageCodeValue_01" =  "eccdcb1e-53e0-4ecf-b367-6f1d67bb75e4"	[MsgId: MMSG-13992]
Action.c(1981): Notify: Parameter Substitution: parameter "p_VRN" =  "S6TAY"	[MsgId: MMSG-13992]
Action.c(1981): Notify: Parameter Substitution: parameter "co_FirstName" =  "TWTWJanTQRcEJGQP"	[MsgId: MMSG-13992]
Action.c(1981): Notify: Parameter Substitution: parameter "p_EmailDomain" =  "EJGQP"	[MsgId: MMSG-13992]
Action.c(1981): Notify: Parameter Substitution: parameter "p_Postcode" =  "PE38 9PG"	[MsgId: MMSG-13992]
Action.c(1981): Notify: Parameter Substitution: parameter "p_Policy_start_date" =  "19/01/2022"	[MsgId: MMSG-13992]
Action.c(1981): Notify: Parameter Substitution: parameter "p_EmailHTML" =  "TWTWJanTQRcEJGQP%40hd-no-email-EJGQP.com"	[MsgId: MMSG-13992]
Action.c(1981): Notify: Parameter Substitution: parameter "p_EmailHTML" =  "TWTWJanTQRcEJGQP%40hd-no-email-EJGQP.com"	[MsgId: MMSG-13992]
Action.c(1981): Notify: Parameter Substitution: parameter "c_pageCode_01" =  "x63eb7f77-7897-49cf-86ad-e131cf79be7c"	[MsgId: MMSG-13992]
Action.c(1981): Notify: Parameter Substitution: parameter "c_pageCodeValue_01" =  "eccdcb1e-53e0-4ecf-b367-6f1d67bb75e4"	[MsgId: MMSG-13992]
Action.c(1981): Error -26366: "Text=Your preferences" not found for web_reg_find  	[MsgId: MERR-26366]
End auto log messages stack.	[MsgId: MMSG-10544]


Start auto log messages stack - Iteration 2.	[MsgId: MMSG-10545]
Action.c(1981): Notify: Parameter Substitution: parameter "p_Host" =  "https://nft01.hastingsdirect.com"	[MsgId: MMSG-13992]
Action.c(1981): Notify: Parameter Substitution: parameter "p_Host" =  "https://nft01.hastingsdirect.com"	[MsgId: MMSG-13992]
Action.c(1981): Notify: Parameter Substitution: parameter "c_pageCode_01" =  "xc88a0f47-ede9-45ce-8004-9f60aed3e20e"	[MsgId: MMSG-13992]
Action.c(1981): Notify: Parameter Substitution: parameter "c_pageCodeValue_01" =  "d3838a50-e2fc-4b62-9322-0f181465c804"	[MsgId: MMSG-13992]
Action.c(1981): Notify: Parameter Substitution: parameter "p_VRN" =  "S6TAY"	[MsgId: MMSG-13992]
Action.c(1981): Notify: Parameter Substitution: parameter "co_FirstName" =  "TWTWJanTQRcEJGQP"	[MsgId: MMSG-13992]
Action.c(1981): Notify: Parameter Substitution: parameter "p_EmailDomain" =  "EJGQP"	[MsgId: MMSG-13992]
Action.c(1981): Notify: Parameter Substitution: parameter "p_Postcode" =  "PE38 9PG"	[MsgId: MMSG-13992]
Action.c(1981): Notify: Parameter Substitution: parameter "p_Policy_start_date" =  "19/01/2022"	[MsgId: MMSG-13992]
Action.c(1981): Notify: Parameter Substitution: parameter "p_EmailHTML" =  "TWTWJanTQRcEJGQP%40hd-no-email-EJGQP.com"	[MsgId: MMSG-13992]
Action.c(1981): Notify: Parameter Substitution: parameter "p_EmailHTML" =  "TWTWJanTQRcEJGQP%40hd-no-email-EJGQP.com"	[MsgId: MMSG-13992]
Action.c(1981): Notify: Parameter Substitution: parameter "c_pageCode_01" =  "xc88a0f47-ede9-45ce-8004-9f60aed3e20e"	[MsgId: MMSG-13992]
Action.c(1981): Notify: Parameter Substitution: parameter "c_pageCodeValue_01" =  "d3838a50-e2fc-4b62-9322-0f181465c804"	[MsgId: MMSG-13992]
Action.c(1981): Error -26366: "Text=Your preferences" not found for web_reg_find  	[MsgId: MERR-26366]
End auto log messages stack.	[MsgId: MMSG-10544]


Start auto log messages stack - Iteration 2.	[MsgId: MMSG-10545]
Action.c(1981): Notify: Parameter Substitution: parameter "p_Host" =  "https://nft01.hastingsdirect.com"	[MsgId: MMSG-13992]
Action.c(1981): Notify: Parameter Substitution: parameter "p_Host" =  "https://nft01.hastingsdirect.com"	[MsgId: MMSG-13992]
Action.c(1981): Notify: Parameter Substitution: parameter "c_pageCode_01" =  "xa675cdae-f5f6-417f-9ad9-0062e95cffa5"	[MsgId: MMSG-13992]
Action.c(1981): Notify: Parameter Substitution: parameter "c_pageCodeValue_01" =  "38a15a2c-041f-4da6-8ee4-04b78b5d1c80"	[MsgId: MMSG-13992]
Action.c(1981): Notify: Parameter Substitution: parameter "p_VRN" =  "S6TAY"	[MsgId: MMSG-13992]
Action.c(1981): Notify: Parameter Substitution: parameter "co_FirstName" =  "TWTWJanTQRcEJGQP"	[MsgId: MMSG-13992]
Action.c(1981): Notify: Parameter Substitution: parameter "p_EmailDomain" =  "EJGQP"	[MsgId: MMSG-13992]
Action.c(1981): Notify: Parameter Substitution: parameter "p_Postcode" =  "PE38 9PG"	[MsgId: MMSG-13992]
Action.c(1981): Notify: Parameter Substitution: parameter "p_Policy_start_date" =  "19/01/2022"	[MsgId: MMSG-13992]
Action.c(1981): Notify: Parameter Substitution: parameter "p_EmailHTML" =  "TWTWJanTQRcEJGQP%40hd-no-email-EJGQP.com"	[MsgId: MMSG-13992]
Action.c(1981): Notify: Parameter Substitution: parameter "p_EmailHTML" =  "TWTWJanTQRcEJGQP%40hd-no-email-EJGQP.com"	[MsgId: MMSG-13992]
Action.c(1981): Notify: Parameter Substitution: parameter "c_pageCode_01" =  "xa675cdae-f5f6-417f-9ad9-0062e95cffa5"	[MsgId: MMSG-13992]
Action.c(1981): Notify: Parameter Substitution: parameter "c_pageCodeValue_01" =  "38a15a2c-041f-4da6-8ee4-04b78b5d1c80"	[MsgId: MMSG-13992]
Action.c(1981): Error -26366: "Text=Your preferences" not found for web_reg_find  	[MsgId: MERR-26366]
End auto log messages stack.	[MsgId: MMSG-10544]


Start auto log messages stack - Iteration 2.	[MsgId: MMSG-10545]
Action.c(1981): Notify: Parameter Substitution: parameter "p_Host" =  "https://nft01.hastingsdirect.com"	[MsgId: MMSG-13992]
Action.c(1981): Notify: Parameter Substitution: parameter "p_Host" =  "https://nft01.hastingsdirect.com"	[MsgId: MMSG-13992]
Action.c(1981): Notify: Parameter Substitution: parameter "c_pageCode_01" =  "x455c9d6e-a22a-4f7f-bd98-1e522befe69b"	[MsgId: MMSG-13992]
Action.c(1981): Notify: Parameter Substitution: parameter "c_pageCodeValue_01" =  "9cb8ae62-eff5-4f2d-be58-0b70a0c6fa58"	[MsgId: MMSG-13992]
Action.c(1981): Notify: Parameter Substitution: parameter "p_VRN" =  "S6TAY"	[MsgId: MMSG-13992]
Action.c(1981): Notify: Parameter Substitution: parameter "co_FirstName" =  "TWTWJanTQRcEJGQP"	[MsgId: MMSG-13992]
Action.c(1981): Notify: Parameter Substitution: parameter "p_EmailDomain" =  "EJGQP"	[MsgId: MMSG-13992]
Action.c(1981): Notify: Parameter Substitution: parameter "p_Postcode" =  "PE38 9PG"	[MsgId: MMSG-13992]
Action.c(1981): Notify: Parameter Substitution: parameter "p_Policy_start_date" =  "19/01/2022"	[MsgId: MMSG-13992]
Action.c(1981): Notify: Parameter Substitution: parameter "p_EmailHTML" =  "TWTWJanTQRcEJGQP%40hd-no-email-EJGQP.com"	[MsgId: MMSG-13992]
Action.c(1981): Notify: Parameter Substitution: parameter "p_EmailHTML" =  "TWTWJanTQRcEJGQP%40hd-no-email-EJGQP.com"	[MsgId: MMSG-13992]
Action.c(1981): Notify: Parameter Substitution: parameter "c_pageCode_01" =  "x455c9d6e-a22a-4f7f-bd98-1e522befe69b"	[MsgId: MMSG-13992]
Action.c(1981): Notify: Parameter Substitution: parameter "c_pageCodeValue_01" =  "9cb8ae62-eff5-4f2d-be58-0b70a0c6fa58"	[MsgId: MMSG-13992]
Action.c(1981): Error -26366: "Text=Your preferences" not found for web_reg_find  	[MsgId: MERR-26366]
End auto log messages stack.	[MsgId: MMSG-10544]


Start auto log messages stack - Iteration 2.	[MsgId: MMSG-10545]
Action.c(1981): Notify: Parameter Substitution: parameter "p_Host" =  "https://nft01.hastingsdirect.com"	[MsgId: MMSG-13992]
Action.c(1981): Notify: Parameter Substitution: parameter "p_Host" =  "https://nft01.hastingsdirect.com"	[MsgId: MMSG-13992]
Action.c(1981): Notify: Parameter Substitution: parameter "c_pageCode_01" =  "xe9cd77bb-0309-4450-9f14-d258469d5584"	[MsgId: MMSG-13992]
Action.c(1981): Notify: Parameter Substitution: parameter "c_pageCodeValue_01" =  "54ab3836-c2d5-4596-ba44-d9e8ce9f8822"	[MsgId: MMSG-13992]
Action.c(1981): Notify: Parameter Substitution: parameter "p_VRN" =  "S6TAY"	[MsgId: MMSG-13992]
Action.c(1981): Notify: Parameter Substitution: parameter "co_FirstName" =  "TWTWJanTQRcEJGQP"	[MsgId: MMSG-13992]
Action.c(1981): Notify: Parameter Substitution: parameter "p_EmailDomain" =  "EJGQP"	[MsgId: MMSG-13992]
Action.c(1981): Notify: Parameter Substitution: parameter "p_Postcode" =  "PE38 9PG"	[MsgId: MMSG-13992]
Action.c(1981): Notify: Parameter Substitution: parameter "p_Policy_start_date" =  "19/01/2022"	[MsgId: MMSG-13992]
Action.c(1981): Notify: Parameter Substitution: parameter "p_EmailHTML" =  "TWTWJanTQRcEJGQP%40hd-no-email-EJGQP.com"	[MsgId: MMSG-13992]
Action.c(1981): Notify: Parameter Substitution: parameter "p_EmailHTML" =  "TWTWJanTQRcEJGQP%40hd-no-email-EJGQP.com"	[MsgId: MMSG-13992]
Action.c(1981): Notify: Parameter Substitution: parameter "c_pageCode_01" =  "xe9cd77bb-0309-4450-9f14-d258469d5584"	[MsgId: MMSG-13992]
Action.c(1981): Notify: Parameter Substitution: parameter "c_pageCodeValue_01" =  "54ab3836-c2d5-4596-ba44-d9e8ce9f8822"	[MsgId: MMSG-13992]
Action.c(1981): Error -26366: "Text=Your preferences" not found for web_reg_find  	[MsgId: MERR-26366]
End auto log messages stack.	[MsgId: MMSG-10544]


Start auto log messages stack - Iteration 3.	[MsgId: MMSG-10545]
Action.c(1981): Notify: Parameter Substitution: parameter "p_Host" =  "https://nft01.hastingsdirect.com"	[MsgId: MMSG-13992]
Action.c(1981): Notify: Parameter Substitution: parameter "p_Host" =  "https://nft01.hastingsdirect.com"	[MsgId: MMSG-13992]
Action.c(1981): Notify: Parameter Substitution: parameter "c_pageCode_01" =  "xf638bc8a-bf64-48a2-a7fb-508fd3d573f8"	[MsgId: MMSG-13992]
Action.c(1981): Notify: Parameter Substitution: parameter "c_pageCodeValue_01" =  "3c99913f-74ea-4ccd-9501-42111d7fc240"	[MsgId: MMSG-13992]
Action.c(1981): Notify: Parameter Substitution: parameter "p_VRN" =  "S6TAY"	[MsgId: MMSG-13992]
Action.c(1981): Notify: Parameter Substitution: parameter "co_FirstName" =  "TWTWJanTQbcNHXKI"	[MsgId: MMSG-13992]
Action.c(1981): Notify: Parameter Substitution: parameter "p_EmailDomain" =  "NHXKI"	[MsgId: MMSG-13992]
Action.c(1981): Notify: Parameter Substitution: parameter "p_Postcode" =  "PE38 9PG"	[MsgId: MMSG-13992]
Action.c(1981): Notify: Parameter Substitution: parameter "p_Policy_start_date" =  "19/01/2022"	[MsgId: MMSG-13992]
Action.c(1981): Notify: Parameter Substitution: parameter "p_EmailHTML" =  "TWTWJanTQbcNHXKI%40hd-no-email-NHXKI.com"	[MsgId: MMSG-13992]
Action.c(1981): Notify: Parameter Substitution: parameter "p_EmailHTML" =  "TWTWJanTQbcNHXKI%40hd-no-email-NHXKI.com"	[MsgId: MMSG-13992]
Action.c(1981): Notify: Parameter Substitution: parameter "c_pageCode_01" =  "xf638bc8a-bf64-48a2-a7fb-508fd3d573f8"	[MsgId: MMSG-13992]
Action.c(1981): Notify: Parameter Substitution: parameter "c_pageCodeValue_01" =  "3c99913f-74ea-4ccd-9501-42111d7fc240"	[MsgId: MMSG-13992]
Action.c(1981): Error -26366: "Text=Your preferences" not found for web_reg_find  	[MsgId: MERR-26366]
End auto log messages stack.	[MsgId: MMSG-10544]


Start auto log messages stack - Iteration 3.	[MsgId: MMSG-10545]
Action.c(1981): Notify: Parameter Substitution: parameter "p_Host" =  "https://nft01.hastingsdirect.com"	[MsgId: MMSG-13992]
Action.c(1981): Notify: Parameter Substitution: parameter "p_Host" =  "https://nft01.hastingsdirect.com"	[MsgId: MMSG-13992]
Action.c(1981): Notify: Parameter Substitution: parameter "c_pageCode_01" =  "x8ed27146-99b4-4356-90d8-ca26165f36c6"	[MsgId: MMSG-13992]
Action.c(1981): Notify: Parameter Substitution: parameter "c_pageCodeValue_01" =  "1b823789-f37a-4067-a067-272ad3ca9462"	[MsgId: MMSG-13992]
Action.c(1981): Notify: Parameter Substitution: parameter "p_VRN" =  "S6TAY"	[MsgId: MMSG-13992]
Action.c(1981): Notify: Parameter Substitution: parameter "co_FirstName" =  "TWTWJanTQbcNHXKI"	[MsgId: MMSG-13992]
Action.c(1981): Notify: Parameter Substitution: parameter "p_EmailDomain" =  "NHXKI"	[MsgId: MMSG-13992]
Action.c(1981): Notify: Parameter Substitution: parameter "p_Postcode" =  "PE38 9PG"	[MsgId: MMSG-13992]
Action.c(1981): Notify: Parameter Substitution: parameter "p_Policy_start_date" =  "19/01/2022"	[MsgId: MMSG-13992]
Action.c(1981): Notify: Parameter Substitution: parameter "p_EmailHTML" =  "TWTWJanTQbcNHXKI%40hd-no-email-NHXKI.com"	[MsgId: MMSG-13992]
Action.c(1981): Notify: Parameter Substitution: parameter "p_EmailHTML" =  "TWTWJanTQbcNHXKI%40hd-no-email-NHXKI.com"	[MsgId: MMSG-13992]
Action.c(1981): Notify: Parameter Substitution: parameter "c_pageCode_01" =  "x8ed27146-99b4-4356-90d8-ca26165f36c6"	[MsgId: MMSG-13992]
Action.c(1981): Notify: Parameter Substitution: parameter "c_pageCodeValue_01" =  "1b823789-f37a-4067-a067-272ad3ca9462"	[MsgId: MMSG-13992]
Action.c(1981): Error -26366: "Text=Your preferences" not found for web_reg_find  	[MsgId: MERR-26366]
End auto log messages stack.	[MsgId: MMSG-10544]


Start auto log messages stack - Iteration 3.	[MsgId: MMSG-10545]
Action.c(1981): Notify: Parameter Substitution: parameter "p_Host" =  "https://nft01.hastingsdirect.com"	[MsgId: MMSG-13992]
Action.c(1981): Notify: Parameter Substitution: parameter "p_Host" =  "https://nft01.hastingsdirect.com"	[MsgId: MMSG-13992]
Action.c(1981): Notify: Parameter Substitution: parameter "c_pageCode_01" =  "x2c5e04de-166f-4f0b-a943-de0e5a3b76bb"	[MsgId: MMSG-13992]
Action.c(1981): Notify: Parameter Substitution: parameter "c_pageCodeValue_01" =  "ab7ea777-f510-46ac-a8c8-7c386eadf557"	[MsgId: MMSG-13992]
Action.c(1981): Notify: Parameter Substitution: parameter "p_VRN" =  "S6TAY"	[MsgId: MMSG-13992]
Action.c(1981): Notify: Parameter Substitution: parameter "co_FirstName" =  "TWTWJanTQbcNHXKI"	[MsgId: MMSG-13992]
Action.c(1981): Notify: Parameter Substitution: parameter "p_EmailDomain" =  "NHXKI"	[MsgId: MMSG-13992]
Action.c(1981): Notify: Parameter Substitution: parameter "p_Postcode" =  "PE38 9PG"	[MsgId: MMSG-13992]
Action.c(1981): Notify: Parameter Substitution: parameter "p_Policy_start_date" =  "19/01/2022"	[MsgId: MMSG-13992]
Action.c(1981): Notify: Parameter Substitution: parameter "p_EmailHTML" =  "TWTWJanTQbcNHXKI%40hd-no-email-NHXKI.com"	[MsgId: MMSG-13992]
Action.c(1981): Notify: Parameter Substitution: parameter "p_EmailHTML" =  "TWTWJanTQbcNHXKI%40hd-no-email-NHXKI.com"	[MsgId: MMSG-13992]
Action.c(1981): Notify: Parameter Substitution: parameter "c_pageCode_01" =  "x2c5e04de-166f-4f0b-a943-de0e5a3b76bb"	[MsgId: MMSG-13992]
Action.c(1981): Notify: Parameter Substitution: parameter "c_pageCodeValue_01" =  "ab7ea777-f510-46ac-a8c8-7c386eadf557"	[MsgId: MMSG-13992]
Action.c(1981): Error -26366: "Text=Your preferences" not found for web_reg_find  	[MsgId: MERR-26366]
End auto log messages stack.	[MsgId: MMSG-10544]


Start auto log messages stack - Iteration 3.	[MsgId: MMSG-10545]
Action.c(1981): Notify: Parameter Substitution: parameter "p_Host" =  "https://nft01.hastingsdirect.com"	[MsgId: MMSG-13992]
Action.c(1981): Notify: Parameter Substitution: parameter "p_Host" =  "https://nft01.hastingsdirect.com"	[MsgId: MMSG-13992]
Action.c(1981): Notify: Parameter Substitution: parameter "c_pageCode_01" =  "xd93e1eb3-95c9-42ac-833d-4e3b5fde71ea"	[MsgId: MMSG-13992]
Action.c(1981): Notify: Parameter Substitution: parameter "c_pageCodeValue_01" =  "54130eae-c73e-4575-a03d-b201faa1518c"	[MsgId: MMSG-13992]
Action.c(1981): Notify: Parameter Substitution: parameter "p_VRN" =  "S6TAY"	[MsgId: MMSG-13992]
Action.c(1981): Notify: Parameter Substitution: parameter "co_FirstName" =  "TWTWJanTQbcNHXKI"	[MsgId: MMSG-13992]
Action.c(1981): Notify: Parameter Substitution: parameter "p_EmailDomain" =  "NHXKI"	[MsgId: MMSG-13992]
Action.c(1981): Notify: Parameter Substitution: parameter "p_Postcode" =  "PE38 9PG"	[MsgId: MMSG-13992]
Action.c(1981): Notify: Parameter Substitution: parameter "p_Policy_start_date" =  "19/01/2022"	[MsgId: MMSG-13992]
Action.c(1981): Notify: Parameter Substitution: parameter "p_EmailHTML" =  "TWTWJanTQbcNHXKI%40hd-no-email-NHXKI.com"	[MsgId: MMSG-13992]
Action.c(1981): Notify: Parameter Substitution: parameter "p_EmailHTML" =  "TWTWJanTQbcNHXKI%40hd-no-email-NHXKI.com"	[MsgId: MMSG-13992]
Action.c(1981): Notify: Parameter Substitution: parameter "c_pageCode_01" =  "xd93e1eb3-95c9-42ac-833d-4e3b5fde71ea"	[MsgId: MMSG-13992]
Action.c(1981): Notify: Parameter Substitution: parameter "c_pageCodeValue_01" =  "54130eae-c73e-4575-a03d-b201faa1518c"	[MsgId: MMSG-13992]
Action.c(1981): Error -26366: "Text=Your preferences" not found for web_reg_find  	[MsgId: MERR-26366]
End auto log messages stack.	[MsgId: MMSG-10544]


Start auto log messages stack - Iteration 3.	[MsgId: MMSG-10545]
Action.c(1981): Notify: Parameter Substitution: parameter "p_Host" =  "https://nft01.hastingsdirect.com"	[MsgId: MMSG-13992]
Action.c(1981): Notify: Parameter Substitution: parameter "p_Host" =  "https://nft01.hastingsdirect.com"	[MsgId: MMSG-13992]
Action.c(1981): Notify: Parameter Substitution: parameter "c_pageCode_01" =  "xfe8443ae-b40a-49c6-9bcc-5b93f3aee6a0"	[MsgId: MMSG-13992]
Action.c(1981): Notify: Parameter Substitution: parameter "c_pageCodeValue_01" =  "d8333b45-24fe-4730-8d39-151d5a6f1c23"	[MsgId: MMSG-13992]
Action.c(1981): Notify: Parameter Substitution: parameter "p_VRN" =  "S6TAY"	[MsgId: MMSG-13992]
Action.c(1981): Notify: Parameter Substitution: parameter "co_FirstName" =  "TWTWJanTQbcNHXKI"	[MsgId: MMSG-13992]
Action.c(1981): Notify: Parameter Substitution: parameter "p_EmailDomain" =  "NHXKI"	[MsgId: MMSG-13992]
Action.c(1981): Notify: Parameter Substitution: parameter "p_Postcode" =  "PE38 9PG"	[MsgId: MMSG-13992]
Action.c(1981): Notify: Parameter Substitution: parameter "p_Policy_start_date" =  "19/01/2022"	[MsgId: MMSG-13992]
Action.c(1981): Notify: Parameter Substitution: parameter "p_EmailHTML" =  "TWTWJanTQbcNHXKI%40hd-no-email-NHXKI.com"	[MsgId: MMSG-13992]
Action.c(1981): Notify: Parameter Substitution: parameter "p_EmailHTML" =  "TWTWJanTQbcNHXKI%40hd-no-email-NHXKI.com"	[MsgId: MMSG-13992]
Action.c(1981): Notify: Parameter Substitution: parameter "c_pageCode_01" =  "xfe8443ae-b40a-49c6-9bcc-5b93f3aee6a0"	[MsgId: MMSG-13992]
Action.c(1981): Notify: Parameter Substitution: parameter "c_pageCodeValue_01" =  "d8333b45-24fe-4730-8d39-151d5a6f1c23"	[MsgId: MMSG-13992]
Action.c(1981): Error -26366: "Text=Your preferences" not found for web_reg_find  	[MsgId: MERR-26366]
End auto log messages stack.	[MsgId: MMSG-10544]


Start auto log messages stack - Iteration 3.	[MsgId: MMSG-10545]
Action.c(1981): Notify: Parameter Substitution: parameter "p_Host" =  "https://nft01.hastingsdirect.com"	[MsgId: MMSG-13992]
Action.c(1981): Notify: Parameter Substitution: parameter "p_Host" =  "https://nft01.hastingsdirect.com"	[MsgId: MMSG-13992]
Action.c(1981): Notify: Parameter Substitution: parameter "c_pageCode_01" =  "xf572c5d4-2b12-4350-91cb-f7e34112d01b"	[MsgId: MMSG-13992]
Action.c(1981): Notify: Parameter Substitution: parameter "c_pageCodeValue_01" =  "2fb6520a-d7d7-4821-b508-37298c5c4da4"	[MsgId: MMSG-13992]
Action.c(1981): Notify: Parameter Substitution: parameter "p_VRN" =  "S6TAY"	[MsgId: MMSG-13992]
Action.c(1981): Notify: Parameter Substitution: parameter "co_FirstName" =  "TWTWJanTQbcNHXKI"	[MsgId: MMSG-13992]
Action.c(1981): Notify: Parameter Substitution: parameter "p_EmailDomain" =  "NHXKI"	[MsgId: MMSG-13992]
Action.c(1981): Notify: Parameter Substitution: parameter "p_Postcode" =  "PE38 9PG"	[MsgId: MMSG-13992]
Action.c(1981): Notify: Parameter Substitution: parameter "p_Policy_start_date" =  "19/01/2022"	[MsgId: MMSG-13992]
Action.c(1981): Notify: Parameter Substitution: parameter "p_EmailHTML" =  "TWTWJanTQbcNHXKI%40hd-no-email-NHXKI.com"	[MsgId: MMSG-13992]
Action.c(1981): Notify: Parameter Substitution: parameter "p_EmailHTML" =  "TWTWJanTQbcNHXKI%40hd-no-email-NHXKI.com"	[MsgId: MMSG-13992]
Action.c(1981): Notify: Parameter Substitution: parameter "c_pageCode_01" =  "xf572c5d4-2b12-4350-91cb-f7e34112d01b"	[MsgId: MMSG-13992]
Action.c(1981): Notify: Parameter Substitution: parameter "c_pageCodeValue_01" =  "2fb6520a-d7d7-4821-b508-37298c5c4da4"	[MsgId: MMSG-13992]
Action.c(1981): Error -26366: "Text=Your preferences" not found for web_reg_find  	[MsgId: MERR-26366]
End auto log messages stack.	[MsgId: MMSG-10544]


Start auto log messages stack - Iteration 4.	[MsgId: MMSG-10545]
Action.c(1981): Notify: Parameter Substitution: parameter "p_Host" =  "https://nft01.hastingsdirect.com"	[MsgId: MMSG-13992]
Action.c(1981): Notify: Parameter Substitution: parameter "p_Host" =  "https://nft01.hastingsdirect.com"	[MsgId: MMSG-13992]
Action.c(1981): Notify: Parameter Substitution: parameter "c_pageCode_01" =  "x8ecf2d9f-cb74-4f5e-b793-661b9a89b685"	[MsgId: MMSG-13992]
Action.c(1981): Notify: Parameter Substitution: parameter "c_pageCodeValue_01" =  "26542f0e-0d06-4955-b2b2-fd8c29aecea2"	[MsgId: MMSG-13992]
Action.c(1981): Notify: Parameter Substitution: parameter "p_VRN" =  "S6TAY"	[MsgId: MMSG-13992]
Action.c(1981): Notify: Parameter Substitution: parameter "co_FirstName" =  "TWTWJanTQlcXEPKA"	[MsgId: MMSG-13992]
Action.c(1981): Notify: Parameter Substitution: parameter "p_EmailDomain" =  "XEPKA"	[MsgId: MMSG-13992]
Action.c(1981): Notify: Parameter Substitution: parameter "p_Postcode" =  "PE38 9PG"	[MsgId: MMSG-13992]
Action.c(1981): Notify: Parameter Substitution: parameter "p_Policy_start_date" =  "19/01/2022"	[MsgId: MMSG-13992]
Action.c(1981): Notify: Parameter Substitution: parameter "p_EmailHTML" =  "TWTWJanTQlcXEPKA%40hd-no-email-XEPKA.com"	[MsgId: MMSG-13992]
Action.c(1981): Notify: Parameter Substitution: parameter "p_EmailHTML" =  "TWTWJanTQlcXEPKA%40hd-no-email-XEPKA.com"	[MsgId: MMSG-13992]
Action.c(1981): Notify: Parameter Substitution: parameter "c_pageCode_01" =  "x8ecf2d9f-cb74-4f5e-b793-661b9a89b685"	[MsgId: MMSG-13992]
Action.c(1981): Notify: Parameter Substitution: parameter "c_pageCodeValue_01" =  "26542f0e-0d06-4955-b2b2-fd8c29aecea2"	[MsgId: MMSG-13992]
Action.c(1981): Error -26366: "Text=Your preferences" not found for web_reg_find  	[MsgId: MERR-26366]
End auto log messages stack.	[MsgId: MMSG-10544]


Start auto log messages stack - Iteration 4.	[MsgId: MMSG-10545]
Action.c(1981): Notify: Parameter Substitution: parameter "p_Host" =  "https://nft01.hastingsdirect.com"	[MsgId: MMSG-13992]
Action.c(1981): Notify: Parameter Substitution: parameter "p_Host" =  "https://nft01.hastingsdirect.com"	[MsgId: MMSG-13992]
Action.c(1981): Notify: Parameter Substitution: parameter "c_pageCode_01" =  "x0b9e2ee0-84e1-49be-a3ee-960850ef7fcb"	[MsgId: MMSG-13992]
Action.c(1981): Notify: Parameter Substitution: parameter "c_pageCodeValue_01" =  "f46d2ffd-00f5-4189-9347-1de6e27e6202"	[MsgId: MMSG-13992]
Action.c(1981): Notify: Parameter Substitution: parameter "p_VRN" =  "S6TAY"	[MsgId: MMSG-13992]
Action.c(1981): Notify: Parameter Substitution: parameter "co_FirstName" =  "TWTWJanTQlcXEPKA"	[MsgId: MMSG-13992]
Action.c(1981): Notify: Parameter Substitution: parameter "p_EmailDomain" =  "XEPKA"	[MsgId: MMSG-13992]
Action.c(1981): Notify: Parameter Substitution: parameter "p_Postcode" =  "PE38 9PG"	[MsgId: MMSG-13992]
Action.c(1981): Notify: Parameter Substitution: parameter "p_Policy_start_date" =  "19/01/2022"	[MsgId: MMSG-13992]
Action.c(1981): Notify: Parameter Substitution: parameter "p_EmailHTML" =  "TWTWJanTQlcXEPKA%40hd-no-email-XEPKA.com"	[MsgId: MMSG-13992]
Action.c(1981): Notify: Parameter Substitution: parameter "p_EmailHTML" =  "TWTWJanTQlcXEPKA%40hd-no-email-XEPKA.com"	[MsgId: MMSG-13992]
Action.c(1981): Notify: Parameter Substitution: parameter "c_pageCode_01" =  "x0b9e2ee0-84e1-49be-a3ee-960850ef7fcb"	[MsgId: MMSG-13992]
Action.c(1981): Notify: Parameter Substitution: parameter "c_pageCodeValue_01" =  "f46d2ffd-00f5-4189-9347-1de6e27e6202"	[MsgId: MMSG-13992]
Action.c(1981): Error -26366: "Text=Your preferences" not found for web_reg_find  	[MsgId: MERR-26366]
End auto log messages stack.	[MsgId: MMSG-10544]


Start auto log messages stack - Iteration 4.	[MsgId: MMSG-10545]
Action.c(1981): Notify: Parameter Substitution: parameter "p_Host" =  "https://nft01.hastingsdirect.com"	[MsgId: MMSG-13992]
Action.c(1981): Notify: Parameter Substitution: parameter "p_Host" =  "https://nft01.hastingsdirect.com"	[MsgId: MMSG-13992]
Action.c(1981): Notify: Parameter Substitution: parameter "c_pageCode_01" =  "x83a28efe-0a3c-469f-b899-69494adf0c71"	[MsgId: MMSG-13992]
Action.c(1981): Notify: Parameter Substitution: parameter "c_pageCodeValue_01" =  "bb49afc9-0b04-47e6-814c-3bb6f5572674"	[MsgId: MMSG-13992]
Action.c(1981): Notify: Parameter Substitution: parameter "p_VRN" =  "S6TAY"	[MsgId: MMSG-13992]
Action.c(1981): Notify: Parameter Substitution: parameter "co_FirstName" =  "TWTWJanTQlcXEPKA"	[MsgId: MMSG-13992]
Action.c(1981): Notify: Parameter Substitution: parameter "p_EmailDomain" =  "XEPKA"	[MsgId: MMSG-13992]
Action.c(1981): Notify: Parameter Substitution: parameter "p_Postcode" =  "PE38 9PG"	[MsgId: MMSG-13992]
Action.c(1981): Notify: Parameter Substitution: parameter "p_Policy_start_date" =  "19/01/2022"	[MsgId: MMSG-13992]
Action.c(1981): Notify: Parameter Substitution: parameter "p_EmailHTML" =  "TWTWJanTQlcXEPKA%40hd-no-email-XEPKA.com"	[MsgId: MMSG-13992]
Action.c(1981): Notify: Parameter Substitution: parameter "p_EmailHTML" =  "TWTWJanTQlcXEPKA%40hd-no-email-XEPKA.com"	[MsgId: MMSG-13992]
Action.c(1981): Notify: Parameter Substitution: parameter "c_pageCode_01" =  "x83a28efe-0a3c-469f-b899-69494adf0c71"	[MsgId: MMSG-13992]
Action.c(1981): Notify: Parameter Substitution: parameter "c_pageCodeValue_01" =  "bb49afc9-0b04-47e6-814c-3bb6f5572674"	[MsgId: MMSG-13992]
Action.c(1981): Error -26366: "Text=Your preferences" not found for web_reg_find  	[MsgId: MERR-26366]
End auto log messages stack.	[MsgId: MMSG-10544]


Start auto log messages stack - Iteration 4.	[MsgId: MMSG-10545]
Action.c(1981): Notify: Parameter Substitution: parameter "p_Host" =  "https://nft01.hastingsdirect.com"	[MsgId: MMSG-13992]
Action.c(1981): Notify: Parameter Substitution: parameter "p_Host" =  "https://nft01.hastingsdirect.com"	[MsgId: MMSG-13992]
Action.c(1981): Notify: Parameter Substitution: parameter "c_pageCode_01" =  "x1386065d-90c7-4506-a541-5762e9c4c6ef"	[MsgId: MMSG-13992]
Action.c(1981): Notify: Parameter Substitution: parameter "c_pageCodeValue_01" =  "fda609a6-136d-4df8-9874-c9eb94004955"	[MsgId: MMSG-13992]
Action.c(1981): Notify: Parameter Substitution: parameter "p_VRN" =  "S6TAY"	[MsgId: MMSG-13992]
Action.c(1981): Notify: Parameter Substitution: parameter "co_FirstName" =  "TWTWJanTQlcXEPKA"	[MsgId: MMSG-13992]
Action.c(1981): Notify: Parameter Substitution: parameter "p_EmailDomain" =  "XEPKA"	[MsgId: MMSG-13992]
Action.c(1981): Notify: Parameter Substitution: parameter "p_Postcode" =  "PE38 9PG"	[MsgId: MMSG-13992]
Action.c(1981): Notify: Parameter Substitution: parameter "p_Policy_start_date" =  "19/01/2022"	[MsgId: MMSG-13992]
Action.c(1981): Notify: Parameter Substitution: parameter "p_EmailHTML" =  "TWTWJanTQlcXEPKA%40hd-no-email-XEPKA.com"	[MsgId: MMSG-13992]
Action.c(1981): Notify: Parameter Substitution: parameter "p_EmailHTML" =  "TWTWJanTQlcXEPKA%40hd-no-email-XEPKA.com"	[MsgId: MMSG-13992]
Action.c(1981): Notify: Parameter Substitution: parameter "c_pageCode_01" =  "x1386065d-90c7-4506-a541-5762e9c4c6ef"	[MsgId: MMSG-13992]
Action.c(1981): Notify: Parameter Substitution: parameter "c_pageCodeValue_01" =  "fda609a6-136d-4df8-9874-c9eb94004955"	[MsgId: MMSG-13992]
Action.c(1981): Error -26366: "Text=Your preferences" not found for web_reg_find  	[MsgId: MERR-26366]
End auto log messages stack.	[MsgId: MMSG-10544]


Start auto log messages stack - Iteration 4.	[MsgId: MMSG-10545]
Action.c(1981): Notify: Parameter Substitution: parameter "p_Host" =  "https://nft01.hastingsdirect.com"	[MsgId: MMSG-13992]
Action.c(1981): Notify: Parameter Substitution: parameter "p_Host" =  "https://nft01.hastingsdirect.com"	[MsgId: MMSG-13992]
Action.c(1981): Notify: Parameter Substitution: parameter "c_pageCode_01" =  "x9a0ec01b-28ba-4bcf-9bd9-1699305e9319"	[MsgId: MMSG-13992]
Action.c(1981): Notify: Parameter Substitution: parameter "c_pageCodeValue_01" =  "2ef0fdf7-10b1-47e6-b7d3-1a4f26679576"	[MsgId: MMSG-13992]
Action.c(1981): Notify: Parameter Substitution: parameter "p_VRN" =  "S6TAY"	[MsgId: MMSG-13992]
Action.c(1981): Notify: Parameter Substitution: parameter "co_FirstName" =  "TWTWJanTQlcXEPKA"	[MsgId: MMSG-13992]
Action.c(1981): Notify: Parameter Substitution: parameter "p_EmailDomain" =  "XEPKA"	[MsgId: MMSG-13992]
Action.c(1981): Notify: Parameter Substitution: parameter "p_Postcode" =  "PE38 9PG"	[MsgId: MMSG-13992]
Action.c(1981): Notify: Parameter Substitution: parameter "p_Policy_start_date" =  "19/01/2022"	[MsgId: MMSG-13992]
Action.c(1981): Notify: Parameter Substitution: parameter "p_EmailHTML" =  "TWTWJanTQlcXEPKA%40hd-no-email-XEPKA.com"	[MsgId: MMSG-13992]
Action.c(1981): Notify: Parameter Substitution: parameter "p_EmailHTML" =  "TWTWJanTQlcXEPKA%40hd-no-email-XEPKA.com"	[MsgId: MMSG-13992]
Action.c(1981): Notify: Parameter Substitution: parameter "c_pageCode_01" =  "x9a0ec01b-28ba-4bcf-9bd9-1699305e9319"	[MsgId: MMSG-13992]
Action.c(1981): Notify: Parameter Substitution: parameter "c_pageCodeValue_01" =  "2ef0fdf7-10b1-47e6-b7d3-1a4f26679576"	[MsgId: MMSG-13992]
Action.c(1981): Error -26366: "Text=Your preferences" not found for web_reg_find  	[MsgId: MERR-26366]
End auto log messages stack.	[MsgId: MMSG-10544]


Start auto log messages stack - Iteration 2.	[MsgId: MMSG-10545]
Start auto log messages stack - Iteration 2.	[MsgId: MMSG-10545]
Start auto log messages stack - Iteration 2.	[MsgId: MMSG-10545]
Start auto log messages stack - Iteration 2.	[MsgId: MMSG-10545]
Start auto log messages stack - Iteration 2.	[MsgId: MMSG-10545]
Action.c(32): Found resource "https://nft01.hastingsdirect.com/dist/js/min/main.bundle.min.js?e5d103d4" in HTML "https://nft01.hastingsdirect.com/"  	[MsgId: MMSG-26659]
Action.c(32): Found resource "https://nft01.hastingsdirect.com/dist/js/min/main.bundle.min.js?e5d103d4" in HTML "https://nft01.hastingsdirect.com/"  	[MsgId: MMSG-26659]
Action.c(32): Found resource "https://nft01.hastingsdirect.com/dist/js/min/main.bundle.min.js?e5d103d4" in HTML "https://nft01.hastingsdirect.com/"  	[MsgId: MMSG-26659]
Action.c(32): Found resource "https://nft01.hastingsdirect.com/dist/js/min/modal.bundle.min.js" in HTML "https://nft01.hastingsdirect.com/"  	[MsgId: MMSG-26659]
Action.c(32): Found resource "https://nft01.hastingsdirect.com/dist/js/min/modal.bundle.min.js" in HTML "https://nft01.hastingsdirect.com/"  	[MsgId: MMSG-26659]
Action.c(32): Found resource "https://nft01.hastingsdirect.com/dist/js/min/carousel.bundle.min.js" in HTML "https://nft01.hastingsdirect.com/"  	[MsgId: MMSG-26659]
Action.c(32): Found resource "https://nft01.hastingsdirect.com/dist/js/min/carousel.bundle.min.js" in HTML "https://nft01.hastingsdirect.com/"  	[MsgId: MMSG-26659]
Action.c(32): Found resource "https://nft01.hastingsdirect.com/dist/js/min/device.bundle.min.js" in HTML "https://nft01.hastingsdirect.com/"  	[MsgId: MMSG-26659]
Action.c(32): Found resource "https://nft01.hastingsdirect.com/dist/js/min/device.bundle.min.js" in HTML "https://nft01.hastingsdirect.com/"  	[MsgId: MMSG-26659]
Action.c(32): Found resource "https://cdn.nowinteract.com/imp/hastingsdirect/imp_hastingsdirect.js" in HTML "https://nft01.hastingsdirect.com/"  	[MsgId: MMSG-26659]
Action.c(32): Found resource "https://cdn.nowinteract.com/imp/hastingsdirect/imp_hastingsdirect.js" in HTML "https://nft01.hastingsdirect.com/"  	[MsgId: MMSG-26659]
Action.c(32): Error -27720: Step download timeout (1800 seconds) has expired when downloading resource "https://cdn.nowinteract.com/imp/hastingsdirect/imp_hastingsdirect.js". Set the "Step Timeout caused by resources is a warning" Runtime Setting to Yes/No to have this message as a warning/error, respectively  	[MsgId: MERR-27720]
Action.c(32): Error -27720: Step download timeout (1800 seconds) has expired when downloading resource "https://se.monetate.net/js/2/a-6cc42a29/p/hastingsdirect.com/entry.js". Set the "Step Timeout caused by resources is a warning" Runtime Setting to Yes/No to have this message as a warning/error, respectively  	[MsgId: MERR-27720]
End auto log messages stack.	[MsgId: MMSG-10544]
End auto log messages stack.	[MsgId: MMSG-10544]


Action.c(32): Found resource "https://nft01.hastingsdirect.com/dist/js/min/main.bundle.min.js?e5d103d4" in HTML "https://nft01.hastingsdirect.com/"  	[MsgId: MMSG-26659]
Action.c(32): Found resource "https://nft01.hastingsdirect.com/dist/js/min/main.bundle.min.js?e5d103d4" in HTML "https://nft01.hastingsdirect.com/"  	[MsgId: MMSG-26659]


Action.c(32): Found resource "https://nft01.hastingsdirect.com/dist/js/min/modal.bundle.min.js" in HTML "https://nft01.hastingsdirect.com/"  	[MsgId: MMSG-26659]
Action.c(32): Found resource "https://nft01.hastingsdirect.com/dist/js/min/modal.bundle.min.js" in HTML "https://nft01.hastingsdirect.com/"  	[MsgId: MMSG-26659]
Action.c(32): Found resource "https://nft01.hastingsdirect.com/dist/js/min/carousel.bundle.min.js" in HTML "https://nft01.hastingsdirect.com/"  	[MsgId: MMSG-26659]
Action.c(32): Found resource "https://nft01.hastingsdirect.com/dist/js/min/carousel.bundle.min.js" in HTML "https://nft01.hastingsdirect.com/"  	[MsgId: MMSG-26659]
Action.c(32): Found resource "https://nft01.hastingsdirect.com/dist/js/min/device.bundle.min.js" in HTML "https://nft01.hastingsdirect.com/"  	[MsgId: MMSG-26659]
Action.c(32): Found resource "https://nft01.hastingsdirect.com/dist/js/min/modal.bundle.min.js" in HTML "https://nft01.hastingsdirect.com/"  	[MsgId: MMSG-26659]
Action.c(32): Found resource "https://nft01.hastingsdirect.com/dist/js/min/carousel.bundle.min.js" in HTML "https://nft01.hastingsdirect.com/"  	[MsgId: MMSG-26659]
Action.c(32): Found resource "https://nft01.hastingsdirect.com/dist/js/min/device.bundle.min.js" in HTML "https://nft01.hastingsdirect.com/"  	[MsgId: MMSG-26659]
Action.c(32): Found resource "https://nft01.hastingsdirect.com/dist/js/min/device.bundle.min.js" in HTML "https://nft01.hastingsdirect.com/"  	[MsgId: MMSG-26659]
Action.c(32): Found resource "https://cdn.nowinteract.com/imp/hastingsdirect/imp_hastingsdirect.js" in HTML "https://nft01.hastingsdirect.com/"  	[MsgId: MMSG-26659]
Action.c(32): Error -27720: Step download timeout (1800 seconds) has expired when downloading resource "https://widget.reviews.co.uk/rich-snippet-reviews-widgets/dist.js". Set the "Step Timeout caused by resources is a warning" Runtime Setting to Yes/No to have this message as a warning/error, respectively  	[MsgId: MERR-27720]
End auto log messages stack.	[MsgId: MMSG-10544]
Action.c(32): Found resource "https://cdn.nowinteract.com/imp/hastingsdirect/imp_hastingsdirect.js" in HTML "https://nft01.hastingsdirect.com/"  	[MsgId: MMSG-26659]
Action.c(32): Found resource "https://cdn.nowinteract.com/imp/hastingsdirect/imp_hastingsdirect.js" in HTML "https://nft01.hastingsdirect.com/"  	[MsgId: MMSG-26659]


Action.c(32): Error -27720: Step download timeout (1800 seconds) has expired when downloading resource "https://widget.reviews.co.uk/rich-snippet-reviews-widgets/dist.js". Set the "Step Timeout caused by resources is a warning" Runtime Setting to Yes/No to have this message as a warning/error, respectively  	[MsgId: MERR-27720]
Action.c(32): Error -27720: Step download timeout (1800 seconds) has expired when downloading resource "https://se.monetate.net/js/2/a-6cc42a29/p/hastingsdirect.com/entry.js". Set the "Step Timeout caused by resources is a warning" Runtime Setting to Yes/No to have this message as a warning/error, respectively  	[MsgId: MERR-27720]
End auto log messages stack.	[MsgId: MMSG-10544]
End auto log messages stack.	[MsgId: MMSG-10544]




Start auto log messages stack - Iteration 2.	[MsgId: MMSG-10545]
Start auto log messages stack - Iteration 2.	[MsgId: MMSG-10545]
Action.c(32): Found resource "https://nft01.hastingsdirect.com/dist/js/min/main.bundle.min.js?e5d103d4" in HTML "https://nft01.hastingsdirect.com/"  	[MsgId: MMSG-26659]
Action.c(32): Found resource "https://nft01.hastingsdirect.com/dist/js/min/main.bundle.min.js?e5d103d4" in HTML "https://nft01.hastingsdirect.com/"  	[MsgId: MMSG-26659]
Action.c(32): Found resource "https://nft01.hastingsdirect.com/dist/js/min/modal.bundle.min.js" in HTML "https://nft01.hastingsdirect.com/"  	[MsgId: MMSG-26659]
Action.c(32): Found resource "https://nft01.hastingsdirect.com/dist/js/min/modal.bundle.min.js" in HTML "https://nft01.hastingsdirect.com/"  	[MsgId: MMSG-26659]
Action.c(32): Found resource "https://nft01.hastingsdirect.com/dist/js/min/carousel.bundle.min.js" in HTML "https://nft01.hastingsdirect.com/"  	[MsgId: MMSG-26659]
Action.c(32): Found resource "https://nft01.hastingsdirect.com/dist/js/min/carousel.bundle.min.js" in HTML "https://nft01.hastingsdirect.com/"  	[MsgId: MMSG-26659]
Action.c(32): Found resource "https://nft01.hastingsdirect.com/dist/js/min/device.bundle.min.js" in HTML "https://nft01.hastingsdirect.com/"  	[MsgId: MMSG-26659]
Action.c(32): Found resource "https://nft01.hastingsdirect.com/dist/js/min/device.bundle.min.js" in HTML "https://nft01.hastingsdirect.com/"  	[MsgId: MMSG-26659]
Action.c(32): Found resource "https://cdn.nowinteract.com/imp/hastingsdirect/imp_hastingsdirect.js" in HTML "https://nft01.hastingsdirect.com/"  	[MsgId: MMSG-26659]
Action.c(32): Found resource "https://cdn.nowinteract.com/imp/hastingsdirect/imp_hastingsdirect.js" in HTML "https://nft01.hastingsdirect.com/"  	[MsgId: MMSG-26659]
Action.c(32): Error -27720: Step download timeout (1800 seconds) has expired when downloading resource "https://se.monetate.net/js/2/a-6cc42a29/p/hastingsdirect.com/entry.js". Set the "Step Timeout caused by resources is a warning" Runtime Setting to Yes/No to have this message as a warning/error, respectively  	[MsgId: MERR-27720]
Action.c(32): Error -27720: Step download timeout (1800 seconds) has expired when downloading resource "https://se.monetate.net/js/2/a-6cc42a29/p/hastingsdirect.com/entry.js". Set the "Step Timeout caused by resources is a warning" Runtime Setting to Yes/No to have this message as a warning/error, respectively  	[MsgId: MERR-27720]
End auto log messages stack.	[MsgId: MMSG-10544]
End auto log messages stack.	[MsgId: MMSG-10544]




Start auto log messages stack - Iteration 2.	[MsgId: MMSG-10545]
Start auto log messages stack - Iteration 2.	[MsgId: MMSG-10545]
Start auto log messages stack - Iteration 2.	[MsgId: MMSG-10545]
Action.c(32): Found resource "https://nft01.hastingsdirect.com/dist/js/min/main.bundle.min.js?e5d103d4" in HTML "https://nft01.hastingsdirect.com/"  	[MsgId: MMSG-26659]
Action.c(32): Found resource "https://nft01.hastingsdirect.com/dist/js/min/main.bundle.min.js?e5d103d4" in HTML "https://nft01.hastingsdirect.com/"  	[MsgId: MMSG-26659]
Action.c(32): Found resource "https://nft01.hastingsdirect.com/dist/js/min/modal.bundle.min.js" in HTML "https://nft01.hastingsdirect.com/"  	[MsgId: MMSG-26659]
Action.c(32): Found resource "https://nft01.hastingsdirect.com/dist/js/min/carousel.bundle.min.js" in HTML "https://nft01.hastingsdirect.com/"  	[MsgId: MMSG-26659]
Action.c(32): Found resource "https://nft01.hastingsdirect.com/dist/js/min/modal.bundle.min.js" in HTML "https://nft01.hastingsdirect.com/"  	[MsgId: MMSG-26659]
Action.c(32): Found resource "https://nft01.hastingsdirect.com/dist/js/min/device.bundle.min.js" in HTML "https://nft01.hastingsdirect.com/"  	[MsgId: MMSG-26659]
Action.c(32): Found resource "https://nft01.hastingsdirect.com/dist/js/min/carousel.bundle.min.js" in HTML "https://nft01.hastingsdirect.com/"  	[MsgId: MMSG-26659]
Action.c(32): Found resource "https://cdn.nowinteract.com/imp/hastingsdirect/imp_hastingsdirect.js" in HTML "https://nft01.hastingsdirect.com/"  	[MsgId: MMSG-26659]
Action.c(32): Found resource "https://nft01.hastingsdirect.com/dist/js/min/device.bundle.min.js" in HTML "https://nft01.hastingsdirect.com/"  	[MsgId: MMSG-26659]
Action.c(32): Error -27720: Step download timeout (1800 seconds) has expired when downloading resource "https://se.monetate.net/js/2/a-6cc42a29/p/hastingsdirect.com/entry.js". Set the "Step Timeout caused by resources is a warning" Runtime Setting to Yes/No to have this message as a warning/error, respectively  	[MsgId: MERR-27720]
Action.c(32): Found resource "https://cdn.nowinteract.com/imp/hastingsdirect/imp_hastingsdirect.js" in HTML "https://nft01.hastingsdirect.com/"  	[MsgId: MMSG-26659]
Action.c(32): Error -27720: Step download timeout (1800 seconds) has expired when downloading resource "https://cdn.nowinteract.com/imp/hastingsdirect/imp_hastingsdirect.js". Set the "Step Timeout caused by resources is a warning" Runtime Setting to Yes/No to have this message as a warning/error, respectively  	[MsgId: MERR-27720]
End auto log messages stack.	[MsgId: MMSG-10544]
End auto log messages stack.	[MsgId: MMSG-10544]




Action.c(32): Found resource "https://nft01.hastingsdirect.com/dist/js/min/main.bundle.min.js?e5d103d4" in HTML "https://nft01.hastingsdirect.com/"  	[MsgId: MMSG-26659]
Action.c(32): Found resource "https://nft01.hastingsdirect.com/dist/js/min/modal.bundle.min.js" in HTML "https://nft01.hastingsdirect.com/"  	[MsgId: MMSG-26659]
Action.c(32): Found resource "https://nft01.hastingsdirect.com/dist/js/min/carousel.bundle.min.js" in HTML "https://nft01.hastingsdirect.com/"  	[MsgId: MMSG-26659]
Action.c(32): Found resource "https://nft01.hastingsdirect.com/dist/js/min/device.bundle.min.js" in HTML "https://nft01.hastingsdirect.com/"  	[MsgId: MMSG-26659]
Action.c(32): Found resource "https://cdn.nowinteract.com/imp/hastingsdirect/imp_hastingsdirect.js" in HTML "https://nft01.hastingsdirect.com/"  	[MsgId: MMSG-26659]
Action.c(32): Error -27720: Step download timeout (1800 seconds) has expired when downloading resource "https://cdn.nowinteract.com/imp/hastingsdirect/imp_hastingsdirect.js". Set the "Step Timeout caused by resources is a warning" Runtime Setting to Yes/No to have this message as a warning/error, respectively  	[MsgId: MERR-27720]
End auto log messages stack.	[MsgId: MMSG-10544]


Start auto log messages stack - Iteration 2.	[MsgId: MMSG-10545]
Action.c(32): Found resource "https://nft01.hastingsdirect.com/dist/js/min/main.bundle.min.js?e5d103d4" in HTML "https://nft01.hastingsdirect.com/"  	[MsgId: MMSG-26659]
Action.c(32): Found resource "https://nft01.hastingsdirect.com/dist/js/min/modal.bundle.min.js" in HTML "https://nft01.hastingsdirect.com/"  	[MsgId: MMSG-26659]
Action.c(32): Found resource "https://nft01.hastingsdirect.com/dist/js/min/carousel.bundle.min.js" in HTML "https://nft01.hastingsdirect.com/"  	[MsgId: MMSG-26659]
Action.c(32): Found resource "https://nft01.hastingsdirect.com/dist/js/min/device.bundle.min.js" in HTML "https://nft01.hastingsdirect.com/"  	[MsgId: MMSG-26659]
Action.c(32): Found resource "https://cdn.nowinteract.com/imp/hastingsdirect/imp_hastingsdirect.js" in HTML "https://nft01.hastingsdirect.com/"  	[MsgId: MMSG-26659]
Action.c(32): Error -27720: Step download timeout (1800 seconds) has expired when downloading resource "https://cdn.nowinteract.com/imp/hastingsdirect/imp_hastingsdirect.js". Set the "Step Timeout caused by resources is a warning" Runtime Setting to Yes/No to have this message as a warning/error, respectively  	[MsgId: MERR-27720]
End auto log messages stack.	[MsgId: MMSG-10544]


Start auto log messages stack - Iteration 2.	[MsgId: MMSG-10545]
Action.c(32): Found resource "https://nft01.hastingsdirect.com/dist/js/min/main.bundle.min.js?e5d103d4" in HTML "https://nft01.hastingsdirect.com/"  	[MsgId: MMSG-26659]
Action.c(32): Found resource "https://nft01.hastingsdirect.com/dist/js/min/modal.bundle.min.js" in HTML "https://nft01.hastingsdirect.com/"  	[MsgId: MMSG-26659]
Action.c(32): Found resource "https://nft01.hastingsdirect.com/dist/js/min/carousel.bundle.min.js" in HTML "https://nft01.hastingsdirect.com/"  	[MsgId: MMSG-26659]
Action.c(32): Found resource "https://nft01.hastingsdirect.com/dist/js/min/device.bundle.min.js" in HTML "https://nft01.hastingsdirect.com/"  	[MsgId: MMSG-26659]
Action.c(32): Found resource "https://cdn.nowinteract.com/imp/hastingsdirect/imp_hastingsdirect.js" in HTML "https://nft01.hastingsdirect.com/"  	[MsgId: MMSG-26659]
Action.c(32): Error -27720: Step download timeout (1800 seconds) has expired when downloading resource "https://cdn.nowinteract.com/imp/hastingsdirect/imp_hastingsdirect.js". Set the "Step Timeout caused by resources is a warning" Runtime Setting to Yes/No to have this message as a warning/error, respectively  	[MsgId: MERR-27720]
End auto log messages stack.	[MsgId: MMSG-10544]


