Start auto log messages stack - Iteration 2.	[MsgId: MMSG-10545]
Action.c(703): Notify: Parameter Substitution: parameter "c_pageCodeValue_01" =  "da56aaa1-ae60-4cb7-b923-7b3e5dbe04ce"	[MsgId: MMSG-13992]
Action.c(703): Notify: Parameter Substitution: parameter "p_VRN" =  "S6TAY"	[MsgId: MMSG-13992]
Action.c(703): Notify: Parameter Substitution: parameter "p_FirstName" =  "SOIPTTWTWAprdOuN"	[MsgId: MMSG-13992]
Action.c(703): Notify: Parameter Substitution: parameter "p_LastName" =  "SOIPT"	[MsgId: MMSG-13992]
Action.c(703): Notify: Parameter Substitution: parameter "p_DDOBm" =  "14"	[MsgId: MMSG-13992]
Action.c(703): Notify: Parameter Substitution: parameter "p_MDOBm" =  "8"	[MsgId: MMSG-13992]
Action.c(703): Notify: Parameter Substitution: parameter "p_YDOB" =  "2022"	[MsgId: MMSG-13992]
Action.c(703): Notify: Parameter Substitution: parameter "p_DDOB" =  "14"	[MsgId: MMSG-13992]
Action.c(703): Notify: Parameter Substitution: parameter "p_MDOB" =  "08"	[MsgId: MMSG-13992]
Action.c(703): Notify: Parameter Substitution: parameter "p_YDOB" =  "2022"	[MsgId: MMSG-13992]
Action.c(703): Notify: Parameter Substitution: parameter "p_DDOBm" =  "14"	[MsgId: MMSG-13992]
Action.c(703): Notify: Parameter Substitution: parameter "p_MDOBm" =  "8"	[MsgId: MMSG-13992]
Action.c(703): Notify: Parameter Substitution: parameter "p_YDOB" =  "2022"	[MsgId: MMSG-13992]
Action.c(703): Notify: Parameter Substitution: parameter "p_DDOB" =  "14"	[MsgId: MMSG-13992]
Action.c(703): Notify: Parameter Substitution: parameter "p_MDOB" =  "08"	[MsgId: MMSG-13992]
Action.c(703): Notify: Parameter Substitution: parameter "p_YDOB" =  "2022"	[MsgId: MMSG-13992]
Action.c(703): Notify: Parameter Substitution: parameter "c_pageCode_01" =  "x86b76cd6-9b83-495c-b6f5-b8c9f4413471"	[MsgId: MMSG-13992]
Action.c(703): Notify: Parameter Substitution: parameter "c_pageCodeValue_01" =  "da56aaa1-ae60-4cb7-b923-7b3e5dbe04ce"	[MsgId: MMSG-13992]
Action.c(703): Error -26366: "Text=Where do you live" not found for web_reg_find  	[MsgId: MERR-26366]
End auto log messages stack.	[MsgId: MMSG-10544]


Start auto log messages stack - Iteration 3.	[MsgId: MMSG-10545]
Action.c(703): Notify: Parameter Substitution: parameter "c_pageCodeValue_01" =  "86c07ce0-3d1b-4a79-91db-d3bf3c5b04a1"	[MsgId: MMSG-13992]
Action.c(703): Notify: Parameter Substitution: parameter "p_VRN" =  "S6TAY"	[MsgId: MMSG-13992]
Action.c(703): Notify: Parameter Substitution: parameter "p_FirstName" =  "KIXVLTWTWAprdOup"	[MsgId: MMSG-13992]
Action.c(703): Notify: Parameter Substitution: parameter "p_LastName" =  "KIXVL"	[MsgId: MMSG-13992]
Action.c(703): Notify: Parameter Substitution: parameter "p_DDOBm" =  "4"	[MsgId: MMSG-13992]
Action.c(703): Notify: Parameter Substitution: parameter "p_MDOBm" =  "10"	[MsgId: MMSG-13992]
Action.c(703): Notify: Parameter Substitution: parameter "p_YDOB" =  "2022"	[MsgId: MMSG-13992]
Action.c(703): Notify: Parameter Substitution: parameter "p_DDOB" =  "04"	[MsgId: MMSG-13992]
Action.c(703): Notify: Parameter Substitution: parameter "p_MDOB" =  "10"	[MsgId: MMSG-13992]
Action.c(703): Notify: Parameter Substitution: parameter "p_YDOB" =  "2022"	[MsgId: MMSG-13992]
Action.c(703): Notify: Parameter Substitution: parameter "p_DDOBm" =  "4"	[MsgId: MMSG-13992]
Action.c(703): Notify: Parameter Substitution: parameter "p_MDOBm" =  "10"	[MsgId: MMSG-13992]
Action.c(703): Notify: Parameter Substitution: parameter "p_YDOB" =  "2022"	[MsgId: MMSG-13992]
Action.c(703): Notify: Parameter Substitution: parameter "p_DDOB" =  "04"	[MsgId: MMSG-13992]
Action.c(703): Notify: Parameter Substitution: parameter "p_MDOB" =  "10"	[MsgId: MMSG-13992]
Action.c(703): Notify: Parameter Substitution: parameter "p_YDOB" =  "2022"	[MsgId: MMSG-13992]
Action.c(703): Notify: Parameter Substitution: parameter "c_pageCode_01" =  "x81a97dd9-5d63-4a42-845a-896e7579d13b"	[MsgId: MMSG-13992]
Action.c(703): Notify: Parameter Substitution: parameter "c_pageCodeValue_01" =  "86c07ce0-3d1b-4a79-91db-d3bf3c5b04a1"	[MsgId: MMSG-13992]
Action.c(703): Error -26366: "Text=Where do you live" not found for web_reg_find  	[MsgId: MERR-26366]
End auto log messages stack.	[MsgId: MMSG-10544]


Start auto log messages stack - Iteration 4.	[MsgId: MMSG-10545]
Action.c(703): Notify: Parameter Substitution: parameter "c_pageCodeValue_01" =  "ce7290cf-a7e6-4f8a-955e-a46f9616c701"	[MsgId: MMSG-13992]
Action.c(703): Notify: Parameter Substitution: parameter "p_VRN" =  "S6TAY"	[MsgId: MMSG-13992]
Action.c(703): Notify: Parameter Substitution: parameter "p_FirstName" =  "EHOEWTWTWAprdOvK"	[MsgId: MMSG-13992]
Action.c(703): Notify: Parameter Substitution: parameter "p_LastName" =  "EHOEW"	[MsgId: MMSG-13992]
Action.c(703): Notify: Parameter Substitution: parameter "p_DDOBm" =  "2"	[MsgId: MMSG-13992]
Action.c(703): Notify: Parameter Substitution: parameter "p_MDOBm" =  "6"	[MsgId: MMSG-13992]
Action.c(703): Notify: Parameter Substitution: parameter "p_YDOB" =  "2022"	[MsgId: MMSG-13992]
Action.c(703): Notify: Parameter Substitution: parameter "p_DDOB" =  "02"	[MsgId: MMSG-13992]
Action.c(703): Notify: Parameter Substitution: parameter "p_MDOB" =  "06"	[MsgId: MMSG-13992]
Action.c(703): Notify: Parameter Substitution: parameter "p_YDOB" =  "2022"	[MsgId: MMSG-13992]
Action.c(703): Notify: Parameter Substitution: parameter "p_DDOBm" =  "2"	[MsgId: MMSG-13992]
Action.c(703): Notify: Parameter Substitution: parameter "p_MDOBm" =  "6"	[MsgId: MMSG-13992]
Action.c(703): Notify: Parameter Substitution: parameter "p_YDOB" =  "2022"	[MsgId: MMSG-13992]
Action.c(703): Notify: Parameter Substitution: parameter "p_DDOB" =  "02"	[MsgId: MMSG-13992]
Action.c(703): Notify: Parameter Substitution: parameter "p_MDOB" =  "06"	[MsgId: MMSG-13992]
Action.c(703): Notify: Parameter Substitution: parameter "p_YDOB" =  "2022"	[MsgId: MMSG-13992]
Action.c(703): Notify: Parameter Substitution: parameter "c_pageCode_01" =  "x9343a4cf-2482-433a-8c2c-16a89c1820bb"	[MsgId: MMSG-13992]
Action.c(703): Notify: Parameter Substitution: parameter "c_pageCodeValue_01" =  "ce7290cf-a7e6-4f8a-955e-a46f9616c701"	[MsgId: MMSG-13992]
Action.c(703): Error -26366: "Text=Where do you live" not found for web_reg_find  	[MsgId: MERR-26366]
End auto log messages stack.	[MsgId: MMSG-10544]


Start auto log messages stack - Iteration 5.	[MsgId: MMSG-10545]
Action.c(703): Notify: Parameter Substitution: parameter "c_pageCodeValue_01" =  "9638d8e4-11f8-47db-8db1-2a94f5d95b10"	[MsgId: MMSG-13992]
Action.c(703): Notify: Parameter Substitution: parameter "p_VRN" =  "S6TAY"	[MsgId: MMSG-13992]
Action.c(703): Notify: Parameter Substitution: parameter "p_FirstName" =  "RCDVJTWTWAprdOvl"	[MsgId: MMSG-13992]
Action.c(703): Notify: Parameter Substitution: parameter "p_LastName" =  "RCDVJ"	[MsgId: MMSG-13992]
Action.c(703): Notify: Parameter Substitution: parameter "p_DDOBm" =  "1"	[MsgId: MMSG-13992]
Action.c(703): Notify: Parameter Substitution: parameter "p_MDOBm" =  "9"	[MsgId: MMSG-13992]
Action.c(703): Notify: Parameter Substitution: parameter "p_YDOB" =  "2022"	[MsgId: MMSG-13992]
Action.c(703): Notify: Parameter Substitution: parameter "p_DDOB" =  "01"	[MsgId: MMSG-13992]
Action.c(703): Notify: Parameter Substitution: parameter "p_MDOB" =  "09"	[MsgId: MMSG-13992]
Action.c(703): Notify: Parameter Substitution: parameter "p_YDOB" =  "2022"	[MsgId: MMSG-13992]
Action.c(703): Notify: Parameter Substitution: parameter "p_DDOBm" =  "1"	[MsgId: MMSG-13992]
Action.c(703): Notify: Parameter Substitution: parameter "p_MDOBm" =  "9"	[MsgId: MMSG-13992]
Action.c(703): Notify: Parameter Substitution: parameter "p_YDOB" =  "2022"	[MsgId: MMSG-13992]
Action.c(703): Notify: Parameter Substitution: parameter "p_DDOB" =  "01"	[MsgId: MMSG-13992]
Action.c(703): Notify: Parameter Substitution: parameter "p_MDOB" =  "09"	[MsgId: MMSG-13992]
Action.c(703): Notify: Parameter Substitution: parameter "p_YDOB" =  "2022"	[MsgId: MMSG-13992]
Action.c(703): Notify: Parameter Substitution: parameter "c_pageCode_01" =  "x05cb9878-3f9a-43a1-b175-1d926a196c2b"	[MsgId: MMSG-13992]
Action.c(703): Notify: Parameter Substitution: parameter "c_pageCodeValue_01" =  "9638d8e4-11f8-47db-8db1-2a94f5d95b10"	[MsgId: MMSG-13992]
Action.c(703): Error -26366: "Text=Where do you live" not found for web_reg_find  	[MsgId: MERR-26366]
End auto log messages stack.	[MsgId: MMSG-10544]


Start auto log messages stack - Iteration 6.	[MsgId: MMSG-10545]
Action.c(703): Notify: Parameter Substitution: parameter "c_pageCodeValue_01" =  "8f60703a-665a-4aad-8b8b-a08999602919"	[MsgId: MMSG-13992]
Action.c(703): Notify: Parameter Substitution: parameter "p_VRN" =  "S6TAY"	[MsgId: MMSG-13992]
Action.c(703): Notify: Parameter Substitution: parameter "p_FirstName" =  "JUEXRTWTWAprdOwF"	[MsgId: MMSG-13992]
Action.c(703): Notify: Parameter Substitution: parameter "p_LastName" =  "JUEXR"	[MsgId: MMSG-13992]
Action.c(703): Notify: Parameter Substitution: parameter "p_DDOBm" =  "26"	[MsgId: MMSG-13992]
Action.c(703): Notify: Parameter Substitution: parameter "p_MDOBm" =  "10"	[MsgId: MMSG-13992]
Action.c(703): Notify: Parameter Substitution: parameter "p_YDOB" =  "2022"	[MsgId: MMSG-13992]
Action.c(703): Notify: Parameter Substitution: parameter "p_DDOB" =  "26"	[MsgId: MMSG-13992]
Action.c(703): Notify: Parameter Substitution: parameter "p_MDOB" =  "10"	[MsgId: MMSG-13992]
Action.c(703): Notify: Parameter Substitution: parameter "p_YDOB" =  "2022"	[MsgId: MMSG-13992]
Action.c(703): Notify: Parameter Substitution: parameter "p_DDOBm" =  "26"	[MsgId: MMSG-13992]
Action.c(703): Notify: Parameter Substitution: parameter "p_MDOBm" =  "10"	[MsgId: MMSG-13992]
Action.c(703): Notify: Parameter Substitution: parameter "p_YDOB" =  "2022"	[MsgId: MMSG-13992]
Action.c(703): Notify: Parameter Substitution: parameter "p_DDOB" =  "26"	[MsgId: MMSG-13992]
Action.c(703): Notify: Parameter Substitution: parameter "p_MDOB" =  "10"	[MsgId: MMSG-13992]
Action.c(703): Notify: Parameter Substitution: parameter "p_YDOB" =  "2022"	[MsgId: MMSG-13992]
Action.c(703): Notify: Parameter Substitution: parameter "c_pageCode_01" =  "x04c785d0-66c8-4a92-a398-e1e01fe5baa5"	[MsgId: MMSG-13992]
Action.c(703): Notify: Parameter Substitution: parameter "c_pageCodeValue_01" =  "8f60703a-665a-4aad-8b8b-a08999602919"	[MsgId: MMSG-13992]
Action.c(703): Error -26366: "Text=Where do you live" not found for web_reg_find  	[MsgId: MERR-26366]
End auto log messages stack.	[MsgId: MMSG-10544]


Start auto log messages stack - Iteration 7.	[MsgId: MMSG-10545]
Action.c(703): Notify: Parameter Substitution: parameter "c_pageCodeValue_01" =  "0fe56458-09d2-446c-882c-274aefce125a"	[MsgId: MMSG-13992]
Action.c(703): Notify: Parameter Substitution: parameter "p_VRN" =  "S6TAY"	[MsgId: MMSG-13992]
Action.c(703): Notify: Parameter Substitution: parameter "p_FirstName" =  "ANMLNTWTWAprdOwh"	[MsgId: MMSG-13992]
Action.c(703): Notify: Parameter Substitution: parameter "p_LastName" =  "ANMLN"	[MsgId: MMSG-13992]
Action.c(703): Notify: Parameter Substitution: parameter "p_DDOBm" =  "8"	[MsgId: MMSG-13992]
Action.c(703): Notify: Parameter Substitution: parameter "p_MDOBm" =  "6"	[MsgId: MMSG-13992]
Action.c(703): Notify: Parameter Substitution: parameter "p_YDOB" =  "2022"	[MsgId: MMSG-13992]
Action.c(703): Notify: Parameter Substitution: parameter "p_DDOB" =  "08"	[MsgId: MMSG-13992]
Action.c(703): Notify: Parameter Substitution: parameter "p_MDOB" =  "06"	[MsgId: MMSG-13992]
Action.c(703): Notify: Parameter Substitution: parameter "p_YDOB" =  "2022"	[MsgId: MMSG-13992]
Action.c(703): Notify: Parameter Substitution: parameter "p_DDOBm" =  "8"	[MsgId: MMSG-13992]
Action.c(703): Notify: Parameter Substitution: parameter "p_MDOBm" =  "6"	[MsgId: MMSG-13992]
Action.c(703): Notify: Parameter Substitution: parameter "p_YDOB" =  "2022"	[MsgId: MMSG-13992]
Action.c(703): Notify: Parameter Substitution: parameter "p_DDOB" =  "08"	[MsgId: MMSG-13992]
Action.c(703): Notify: Parameter Substitution: parameter "p_MDOB" =  "06"	[MsgId: MMSG-13992]
Action.c(703): Notify: Parameter Substitution: parameter "p_YDOB" =  "2022"	[MsgId: MMSG-13992]
Action.c(703): Notify: Parameter Substitution: parameter "c_pageCode_01" =  "x0d047f33-e358-410e-ab02-93a833669966"	[MsgId: MMSG-13992]
Action.c(703): Notify: Parameter Substitution: parameter "c_pageCodeValue_01" =  "0fe56458-09d2-446c-882c-274aefce125a"	[MsgId: MMSG-13992]
Action.c(703): Error -26366: "Text=Where do you live" not found for web_reg_find  	[MsgId: MERR-26366]
End auto log messages stack.	[MsgId: MMSG-10544]


Start auto log messages stack - Iteration 8.	[MsgId: MMSG-10545]
Action.c(703): Notify: Parameter Substitution: parameter "c_pageCodeValue_01" =  "7e8fcfc6-c89b-4b21-8e53-7641d7356533"	[MsgId: MMSG-13992]
Action.c(703): Notify: Parameter Substitution: parameter "p_VRN" =  "S6TAY"	[MsgId: MMSG-13992]
Action.c(703): Notify: Parameter Substitution: parameter "p_FirstName" =  "RHOGKTWTWAprdOxB"	[MsgId: MMSG-13992]
Action.c(703): Notify: Parameter Substitution: parameter "p_LastName" =  "RHOGK"	[MsgId: MMSG-13992]
Action.c(703): Notify: Parameter Substitution: parameter "p_DDOBm" =  "10"	[MsgId: MMSG-13992]
Action.c(703): Notify: Parameter Substitution: parameter "p_MDOBm" =  "10"	[MsgId: MMSG-13992]
Action.c(703): Notify: Parameter Substitution: parameter "p_YDOB" =  "2022"	[MsgId: MMSG-13992]
Action.c(703): Notify: Parameter Substitution: parameter "p_DDOB" =  "10"	[MsgId: MMSG-13992]
Action.c(703): Notify: Parameter Substitution: parameter "p_MDOB" =  "10"	[MsgId: MMSG-13992]
Action.c(703): Notify: Parameter Substitution: parameter "p_YDOB" =  "2022"	[MsgId: MMSG-13992]
Action.c(703): Notify: Parameter Substitution: parameter "p_DDOBm" =  "10"	[MsgId: MMSG-13992]
Action.c(703): Notify: Parameter Substitution: parameter "p_MDOBm" =  "10"	[MsgId: MMSG-13992]
Action.c(703): Notify: Parameter Substitution: parameter "p_YDOB" =  "2022"	[MsgId: MMSG-13992]
Action.c(703): Notify: Parameter Substitution: parameter "p_DDOB" =  "10"	[MsgId: MMSG-13992]
Action.c(703): Notify: Parameter Substitution: parameter "p_MDOB" =  "10"	[MsgId: MMSG-13992]
Action.c(703): Notify: Parameter Substitution: parameter "p_YDOB" =  "2022"	[MsgId: MMSG-13992]
Action.c(703): Notify: Parameter Substitution: parameter "c_pageCode_01" =  "xd6a8cd8d-92bc-4f9a-9db9-311f45ea470a"	[MsgId: MMSG-13992]
Action.c(703): Notify: Parameter Substitution: parameter "c_pageCodeValue_01" =  "7e8fcfc6-c89b-4b21-8e53-7641d7356533"	[MsgId: MMSG-13992]
Action.c(703): Error -26366: "Text=Where do you live" not found for web_reg_find  	[MsgId: MERR-26366]
End auto log messages stack.	[MsgId: MMSG-10544]


Start auto log messages stack - Iteration 9.	[MsgId: MMSG-10545]
Action.c(703): Notify: Parameter Substitution: parameter "c_pageCodeValue_01" =  "e7ca4973-3307-451f-9067-281b841730de"	[MsgId: MMSG-13992]
Action.c(703): Notify: Parameter Substitution: parameter "p_VRN" =  "S6TAY"	[MsgId: MMSG-13992]
Action.c(703): Notify: Parameter Substitution: parameter "p_FirstName" =  "IAQAYTWTWAprdOxd"	[MsgId: MMSG-13992]
Action.c(703): Notify: Parameter Substitution: parameter "p_LastName" =  "IAQAY"	[MsgId: MMSG-13992]
Action.c(703): Notify: Parameter Substitution: parameter "p_DDOBm" =  "8"	[MsgId: MMSG-13992]
Action.c(703): Notify: Parameter Substitution: parameter "p_MDOBm" =  "8"	[MsgId: MMSG-13992]
Action.c(703): Notify: Parameter Substitution: parameter "p_YDOB" =  "2022"	[MsgId: MMSG-13992]
Action.c(703): Notify: Parameter Substitution: parameter "p_DDOB" =  "08"	[MsgId: MMSG-13992]
Action.c(703): Notify: Parameter Substitution: parameter "p_MDOB" =  "08"	[MsgId: MMSG-13992]
Action.c(703): Notify: Parameter Substitution: parameter "p_YDOB" =  "2022"	[MsgId: MMSG-13992]
Action.c(703): Notify: Parameter Substitution: parameter "p_DDOBm" =  "8"	[MsgId: MMSG-13992]
Action.c(703): Notify: Parameter Substitution: parameter "p_MDOBm" =  "8"	[MsgId: MMSG-13992]
Action.c(703): Notify: Parameter Substitution: parameter "p_YDOB" =  "2022"	[MsgId: MMSG-13992]
Action.c(703): Notify: Parameter Substitution: parameter "p_DDOB" =  "08"	[MsgId: MMSG-13992]
Action.c(703): Notify: Parameter Substitution: parameter "p_MDOB" =  "08"	[MsgId: MMSG-13992]
Action.c(703): Notify: Parameter Substitution: parameter "p_YDOB" =  "2022"	[MsgId: MMSG-13992]
Action.c(703): Notify: Parameter Substitution: parameter "c_pageCode_01" =  "x50dddffe-8453-4794-9dda-2571462a6aa2"	[MsgId: MMSG-13992]
Action.c(703): Notify: Parameter Substitution: parameter "c_pageCodeValue_01" =  "e7ca4973-3307-451f-9067-281b841730de"	[MsgId: MMSG-13992]
Action.c(703): Error -26366: "Text=Where do you live" not found for web_reg_find  	[MsgId: MERR-26366]
End auto log messages stack.	[MsgId: MMSG-10544]


Start auto log messages stack - Iteration 10.	[MsgId: MMSG-10545]
Action.c(703): Notify: Parameter Substitution: parameter "c_pageCodeValue_01" =  "43b0dd38-bf15-4214-a0d6-a53fcd39e7a3"	[MsgId: MMSG-13992]
Action.c(703): Notify: Parameter Substitution: parameter "p_VRN" =  "S6TAY"	[MsgId: MMSG-13992]
Action.c(703): Notify: Parameter Substitution: parameter "p_FirstName" =  "AANUNTWTWAprdOxAf"	[MsgId: MMSG-13992]
Action.c(703): Notify: Parameter Substitution: parameter "p_LastName" =  "AANUN"	[MsgId: MMSG-13992]
Action.c(703): Notify: Parameter Substitution: parameter "p_DDOBm" =  "13"	[MsgId: MMSG-13992]
Action.c(703): Notify: Parameter Substitution: parameter "p_MDOBm" =  "6"	[MsgId: MMSG-13992]
Action.c(703): Notify: Parameter Substitution: parameter "p_YDOB" =  "2022"	[MsgId: MMSG-13992]
Action.c(703): Notify: Parameter Substitution: parameter "p_DDOB" =  "13"	[MsgId: MMSG-13992]
Action.c(703): Notify: Parameter Substitution: parameter "p_MDOB" =  "06"	[MsgId: MMSG-13992]
Action.c(703): Notify: Parameter Substitution: parameter "p_YDOB" =  "2022"	[MsgId: MMSG-13992]
Action.c(703): Notify: Parameter Substitution: parameter "p_DDOBm" =  "13"	[MsgId: MMSG-13992]
Action.c(703): Notify: Parameter Substitution: parameter "p_MDOBm" =  "6"	[MsgId: MMSG-13992]
Action.c(703): Notify: Parameter Substitution: parameter "p_YDOB" =  "2022"	[MsgId: MMSG-13992]
Action.c(703): Notify: Parameter Substitution: parameter "p_DDOB" =  "13"	[MsgId: MMSG-13992]
Action.c(703): Notify: Parameter Substitution: parameter "p_MDOB" =  "06"	[MsgId: MMSG-13992]
Action.c(703): Notify: Parameter Substitution: parameter "p_YDOB" =  "2022"	[MsgId: MMSG-13992]
Action.c(703): Notify: Parameter Substitution: parameter "c_pageCode_01" =  "x40e15e0a-874f-49e2-93db-9967010e15c4"	[MsgId: MMSG-13992]
Action.c(703): Notify: Parameter Substitution: parameter "c_pageCodeValue_01" =  "43b0dd38-bf15-4214-a0d6-a53fcd39e7a3"	[MsgId: MMSG-13992]
Action.c(703): Error -26366: "Text=Where do you live" not found for web_reg_find  	[MsgId: MERR-26366]
End auto log messages stack.	[MsgId: MMSG-10544]


Start auto log messages stack - Iteration 11.	[MsgId: MMSG-10545]
Action.c(703): Notify: Parameter Substitution: parameter "p_YDOB" =  "2022"	[MsgId: MMSG-13992]
Action.c(703): Notify: Parameter Substitution: parameter "p_DDOB" =  "07"	[MsgId: MMSG-13992]
Action.c(703): Notify: Parameter Substitution: parameter "p_MDOB" =  "06"	[MsgId: MMSG-13992]
Action.c(703): Notify: Parameter Substitution: parameter "p_YDOB" =  "2022"	[MsgId: MMSG-13992]
Action.c(703): Notify: Parameter Substitution: parameter "p_DDOBm" =  "7"	[MsgId: MMSG-13992]
Action.c(703): Notify: Parameter Substitution: parameter "p_MDOBm" =  "6"	[MsgId: MMSG-13992]
Action.c(703): Notify: Parameter Substitution: parameter "p_YDOB" =  "2022"	[MsgId: MMSG-13992]
Action.c(703): Notify: Parameter Substitution: parameter "p_DDOB" =  "07"	[MsgId: MMSG-13992]
Action.c(703): Notify: Parameter Substitution: parameter "p_MDOB" =  "06"	[MsgId: MMSG-13992]
Action.c(703): Notify: Parameter Substitution: parameter "p_YDOB" =  "2022"	[MsgId: MMSG-13992]
Action.c(703): Notify: Parameter Substitution: parameter "c_pageCode_01" =  "x726cfe33-c0a3-48a4-8f41-48c0ec3c8dfe"	[MsgId: MMSG-13992]
Action.c(703): Notify: Parameter Substitution: parameter "c_pageCodeValue_01" =  "f7085bf9-f4ac-4a22-9349-a988e2048952"	[MsgId: MMSG-13992]
Action.c(703): Warning -26499: Internal Error - Invalid _iTotalConnectionsReached=7 _iTotalConnectionsAllowed=16 _iTotalHttp2Connections=-10 (LRW_NET_TOTAL_CONNECTIONS_LIMIT=50, MIN_RANGE_MAX_CONNECTIONS=1) for ptNetVUserVars=05E07DF0 in real_xfvLrwNetProcessAllItems  	[MsgId: MWAR-26499]
Action.c(703): Error -26366: "Text=Where do you live" not found for web_reg_find  	[MsgId: MERR-26366]
End auto log messages stack.	[MsgId: MMSG-10544]


Start auto log messages stack - Iteration 12.	[MsgId: MMSG-10545]
Action.c(703): Notify: Parameter Substitution: parameter "p_YDOB" =  "2022"	[MsgId: MMSG-13992]
Action.c(703): Notify: Parameter Substitution: parameter "p_DDOB" =  "07"	[MsgId: MMSG-13992]
Action.c(703): Notify: Parameter Substitution: parameter "p_MDOB" =  "06"	[MsgId: MMSG-13992]
Action.c(703): Notify: Parameter Substitution: parameter "p_YDOB" =  "2022"	[MsgId: MMSG-13992]
Action.c(703): Notify: Parameter Substitution: parameter "p_DDOBm" =  "7"	[MsgId: MMSG-13992]
Action.c(703): Notify: Parameter Substitution: parameter "p_MDOBm" =  "6"	[MsgId: MMSG-13992]
Action.c(703): Notify: Parameter Substitution: parameter "p_YDOB" =  "2022"	[MsgId: MMSG-13992]
Action.c(703): Notify: Parameter Substitution: parameter "p_DDOB" =  "07"	[MsgId: MMSG-13992]
Action.c(703): Notify: Parameter Substitution: parameter "p_MDOB" =  "06"	[MsgId: MMSG-13992]
Action.c(703): Notify: Parameter Substitution: parameter "p_YDOB" =  "2022"	[MsgId: MMSG-13992]
Action.c(703): Notify: Parameter Substitution: parameter "c_pageCode_01" =  "x7d262e47-4cb0-41b6-9be8-d1026c613de4"	[MsgId: MMSG-13992]
Action.c(703): Notify: Parameter Substitution: parameter "c_pageCodeValue_01" =  "0d61ac57-7f06-4723-97c2-c55171a0a007"	[MsgId: MMSG-13992]
Action.c(703): Warning -26499: Internal Error - Invalid _iTotalConnectionsReached=7 _iTotalConnectionsAllowed=16 _iTotalHttp2Connections=-11 (LRW_NET_TOTAL_CONNECTIONS_LIMIT=50, MIN_RANGE_MAX_CONNECTIONS=1) for ptNetVUserVars=05E07DF0 in real_xfvLrwNetProcessAllItems  	[MsgId: MWAR-26499]
Action.c(703): Error -26366: "Text=Where do you live" not found for web_reg_find  	[MsgId: MERR-26366]
End auto log messages stack.	[MsgId: MMSG-10544]


Start auto log messages stack - Iteration 13.	[MsgId: MMSG-10545]
Action.c(703): Notify: Parameter Substitution: parameter "p_YDOB" =  "2022"	[MsgId: MMSG-13992]
Action.c(703): Notify: Parameter Substitution: parameter "p_DDOB" =  "27"	[MsgId: MMSG-13992]
Action.c(703): Notify: Parameter Substitution: parameter "p_MDOB" =  "07"	[MsgId: MMSG-13992]
Action.c(703): Notify: Parameter Substitution: parameter "p_YDOB" =  "2022"	[MsgId: MMSG-13992]
Action.c(703): Notify: Parameter Substitution: parameter "p_DDOBm" =  "27"	[MsgId: MMSG-13992]
Action.c(703): Notify: Parameter Substitution: parameter "p_MDOBm" =  "7"	[MsgId: MMSG-13992]
Action.c(703): Notify: Parameter Substitution: parameter "p_YDOB" =  "2022"	[MsgId: MMSG-13992]
Action.c(703): Notify: Parameter Substitution: parameter "p_DDOB" =  "27"	[MsgId: MMSG-13992]
Action.c(703): Notify: Parameter Substitution: parameter "p_MDOB" =  "07"	[MsgId: MMSG-13992]
Action.c(703): Notify: Parameter Substitution: parameter "p_YDOB" =  "2022"	[MsgId: MMSG-13992]
Action.c(703): Notify: Parameter Substitution: parameter "c_pageCode_01" =  "x2b5cb44b-d539-469a-843a-078ce9ad8fd6"	[MsgId: MMSG-13992]
Action.c(703): Notify: Parameter Substitution: parameter "c_pageCodeValue_01" =  "64bdf978-a72b-403b-8bd9-bf372e4494e1"	[MsgId: MMSG-13992]
Action.c(703): Warning -26499: Internal Error - Invalid _iTotalConnectionsReached=7 _iTotalConnectionsAllowed=16 _iTotalHttp2Connections=-12 (LRW_NET_TOTAL_CONNECTIONS_LIMIT=50, MIN_RANGE_MAX_CONNECTIONS=1) for ptNetVUserVars=05E07DF0 in real_xfvLrwNetProcessAllItems  	[MsgId: MWAR-26499]
Action.c(703): Error -26366: "Text=Where do you live" not found for web_reg_find  	[MsgId: MERR-26366]
End auto log messages stack.	[MsgId: MMSG-10544]


Start auto log messages stack - Iteration 14.	[MsgId: MMSG-10545]
Action.c(703): Notify: Parameter Substitution: parameter "p_YDOB" =  "2022"	[MsgId: MMSG-13992]
Action.c(703): Notify: Parameter Substitution: parameter "p_DDOB" =  "02"	[MsgId: MMSG-13992]
Action.c(703): Notify: Parameter Substitution: parameter "p_MDOB" =  "06"	[MsgId: MMSG-13992]
Action.c(703): Notify: Parameter Substitution: parameter "p_YDOB" =  "2022"	[MsgId: MMSG-13992]
Action.c(703): Notify: Parameter Substitution: parameter "p_DDOBm" =  "2"	[MsgId: MMSG-13992]
Action.c(703): Notify: Parameter Substitution: parameter "p_MDOBm" =  "6"	[MsgId: MMSG-13992]
Action.c(703): Notify: Parameter Substitution: parameter "p_YDOB" =  "2022"	[MsgId: MMSG-13992]
Action.c(703): Notify: Parameter Substitution: parameter "p_DDOB" =  "02"	[MsgId: MMSG-13992]
Action.c(703): Notify: Parameter Substitution: parameter "p_MDOB" =  "06"	[MsgId: MMSG-13992]
Action.c(703): Notify: Parameter Substitution: parameter "p_YDOB" =  "2022"	[MsgId: MMSG-13992]
Action.c(703): Notify: Parameter Substitution: parameter "c_pageCode_01" =  "x412f91b0-9ca2-4379-9ee7-2d6234a7a4ea"	[MsgId: MMSG-13992]
Action.c(703): Notify: Parameter Substitution: parameter "c_pageCodeValue_01" =  "e70f619c-b520-45ea-9e34-424201668001"	[MsgId: MMSG-13992]
Action.c(703): Warning -26499: Internal Error - Invalid _iTotalConnectionsReached=7 _iTotalConnectionsAllowed=16 _iTotalHttp2Connections=-13 (LRW_NET_TOTAL_CONNECTIONS_LIMIT=50, MIN_RANGE_MAX_CONNECTIONS=1) for ptNetVUserVars=05E07DF0 in real_xfvLrwNetProcessAllItems  	[MsgId: MWAR-26499]
Action.c(703): Error -26366: "Text=Where do you live" not found for web_reg_find  	[MsgId: MERR-26366]
End auto log messages stack.	[MsgId: MMSG-10544]


Start auto log messages stack - Iteration 15.	[MsgId: MMSG-10545]
Action.c(703): Notify: Parameter Substitution: parameter "p_YDOB" =  "2022"	[MsgId: MMSG-13992]
Action.c(703): Notify: Parameter Substitution: parameter "p_DDOB" =  "10"	[MsgId: MMSG-13992]
Action.c(703): Notify: Parameter Substitution: parameter "p_MDOB" =  "05"	[MsgId: MMSG-13992]
Action.c(703): Notify: Parameter Substitution: parameter "p_YDOB" =  "2022"	[MsgId: MMSG-13992]
Action.c(703): Notify: Parameter Substitution: parameter "p_DDOBm" =  "10"	[MsgId: MMSG-13992]
Action.c(703): Notify: Parameter Substitution: parameter "p_MDOBm" =  "5"	[MsgId: MMSG-13992]
Action.c(703): Notify: Parameter Substitution: parameter "p_YDOB" =  "2022"	[MsgId: MMSG-13992]
Action.c(703): Notify: Parameter Substitution: parameter "p_DDOB" =  "10"	[MsgId: MMSG-13992]
Action.c(703): Notify: Parameter Substitution: parameter "p_MDOB" =  "05"	[MsgId: MMSG-13992]
Action.c(703): Notify: Parameter Substitution: parameter "p_YDOB" =  "2022"	[MsgId: MMSG-13992]
Action.c(703): Notify: Parameter Substitution: parameter "c_pageCode_01" =  "x1167159b-99a9-4f8f-b06c-4c9064774c71"	[MsgId: MMSG-13992]
Action.c(703): Notify: Parameter Substitution: parameter "c_pageCodeValue_01" =  "f4f16562-88b1-4abc-bac0-36092ac10fe0"	[MsgId: MMSG-13992]
Action.c(703): Warning -26499: Internal Error - Invalid _iTotalConnectionsReached=7 _iTotalConnectionsAllowed=16 _iTotalHttp2Connections=-14 (LRW_NET_TOTAL_CONNECTIONS_LIMIT=50, MIN_RANGE_MAX_CONNECTIONS=1) for ptNetVUserVars=05E07DF0 in real_xfvLrwNetProcessAllItems  	[MsgId: MWAR-26499]
Action.c(703): Error -26366: "Text=Where do you live" not found for web_reg_find  	[MsgId: MERR-26366]
End auto log messages stack.	[MsgId: MMSG-10544]


Start auto log messages stack - Iteration 16.	[MsgId: MMSG-10545]
Action.c(703): Notify: Parameter Substitution: parameter "p_YDOB" =  "2022"	[MsgId: MMSG-13992]
Action.c(703): Notify: Parameter Substitution: parameter "p_DDOB" =  "15"	[MsgId: MMSG-13992]
Action.c(703): Notify: Parameter Substitution: parameter "p_MDOB" =  "10"	[MsgId: MMSG-13992]
Action.c(703): Notify: Parameter Substitution: parameter "p_YDOB" =  "2022"	[MsgId: MMSG-13992]
Action.c(703): Notify: Parameter Substitution: parameter "p_DDOBm" =  "15"	[MsgId: MMSG-13992]
Action.c(703): Notify: Parameter Substitution: parameter "p_MDOBm" =  "10"	[MsgId: MMSG-13992]
Action.c(703): Notify: Parameter Substitution: parameter "p_YDOB" =  "2022"	[MsgId: MMSG-13992]
Action.c(703): Notify: Parameter Substitution: parameter "p_DDOB" =  "15"	[MsgId: MMSG-13992]
Action.c(703): Notify: Parameter Substitution: parameter "p_MDOB" =  "10"	[MsgId: MMSG-13992]
Action.c(703): Notify: Parameter Substitution: parameter "p_YDOB" =  "2022"	[MsgId: MMSG-13992]
Action.c(703): Notify: Parameter Substitution: parameter "c_pageCode_01" =  "xba662fdb-495a-41e1-8482-c2fddeb22633"	[MsgId: MMSG-13992]
Action.c(703): Notify: Parameter Substitution: parameter "c_pageCodeValue_01" =  "bc746b73-4599-4231-9e98-feae830b3492"	[MsgId: MMSG-13992]
Action.c(703): Warning -26499: Internal Error - Invalid _iTotalConnectionsReached=7 _iTotalConnectionsAllowed=16 _iTotalHttp2Connections=-15 (LRW_NET_TOTAL_CONNECTIONS_LIMIT=50, MIN_RANGE_MAX_CONNECTIONS=1) for ptNetVUserVars=05E07DF0 in real_xfvLrwNetProcessAllItems  	[MsgId: MWAR-26499]
Action.c(703): Error -26366: "Text=Where do you live" not found for web_reg_find  	[MsgId: MERR-26366]
End auto log messages stack.	[MsgId: MMSG-10544]


Start auto log messages stack - Iteration 17.	[MsgId: MMSG-10545]
Action.c(703): Notify: Parameter Substitution: parameter "p_YDOB" =  "2022"	[MsgId: MMSG-13992]
Action.c(703): Notify: Parameter Substitution: parameter "p_DDOB" =  "12"	[MsgId: MMSG-13992]
Action.c(703): Notify: Parameter Substitution: parameter "p_MDOB" =  "08"	[MsgId: MMSG-13992]
Action.c(703): Notify: Parameter Substitution: parameter "p_YDOB" =  "2022"	[MsgId: MMSG-13992]
Action.c(703): Notify: Parameter Substitution: parameter "p_DDOBm" =  "12"	[MsgId: MMSG-13992]
Action.c(703): Notify: Parameter Substitution: parameter "p_MDOBm" =  "8"	[MsgId: MMSG-13992]
Action.c(703): Notify: Parameter Substitution: parameter "p_YDOB" =  "2022"	[MsgId: MMSG-13992]
Action.c(703): Notify: Parameter Substitution: parameter "p_DDOB" =  "12"	[MsgId: MMSG-13992]
Action.c(703): Notify: Parameter Substitution: parameter "p_MDOB" =  "08"	[MsgId: MMSG-13992]
Action.c(703): Notify: Parameter Substitution: parameter "p_YDOB" =  "2022"	[MsgId: MMSG-13992]
Action.c(703): Notify: Parameter Substitution: parameter "c_pageCode_01" =  "x3c5fb33f-5647-4684-9680-12951d28c24c"	[MsgId: MMSG-13992]
Action.c(703): Notify: Parameter Substitution: parameter "c_pageCodeValue_01" =  "6791e0d0-8023-4abd-a614-daf17146d41e"	[MsgId: MMSG-13992]
Action.c(703): Warning -26499: Internal Error - Invalid _iTotalConnectionsReached=7 _iTotalConnectionsAllowed=16 _iTotalHttp2Connections=-16 (LRW_NET_TOTAL_CONNECTIONS_LIMIT=50, MIN_RANGE_MAX_CONNECTIONS=1) for ptNetVUserVars=05E07DF0 in real_xfvLrwNetProcessAllItems  	[MsgId: MWAR-26499]
Action.c(703): Error -26366: "Text=Where do you live" not found for web_reg_find  	[MsgId: MERR-26366]
End auto log messages stack.	[MsgId: MMSG-10544]


Start auto log messages stack - Iteration 18.	[MsgId: MMSG-10545]
Action.c(703): Notify: Parameter Substitution: parameter "p_YDOB" =  "2022"	[MsgId: MMSG-13992]
Action.c(703): Notify: Parameter Substitution: parameter "p_DDOB" =  "11"	[MsgId: MMSG-13992]
Action.c(703): Notify: Parameter Substitution: parameter "p_MDOB" =  "05"	[MsgId: MMSG-13992]
Action.c(703): Notify: Parameter Substitution: parameter "p_YDOB" =  "2022"	[MsgId: MMSG-13992]
Action.c(703): Notify: Parameter Substitution: parameter "p_DDOBm" =  "11"	[MsgId: MMSG-13992]
Action.c(703): Notify: Parameter Substitution: parameter "p_MDOBm" =  "5"	[MsgId: MMSG-13992]
Action.c(703): Notify: Parameter Substitution: parameter "p_YDOB" =  "2022"	[MsgId: MMSG-13992]
Action.c(703): Notify: Parameter Substitution: parameter "p_DDOB" =  "11"	[MsgId: MMSG-13992]
Action.c(703): Notify: Parameter Substitution: parameter "p_MDOB" =  "05"	[MsgId: MMSG-13992]
Action.c(703): Notify: Parameter Substitution: parameter "p_YDOB" =  "2022"	[MsgId: MMSG-13992]
Action.c(703): Notify: Parameter Substitution: parameter "c_pageCode_01" =  "x2b140803-932d-48f2-879c-1353476b2942"	[MsgId: MMSG-13992]
Action.c(703): Notify: Parameter Substitution: parameter "c_pageCodeValue_01" =  "5571c50e-1456-41c1-a261-fce7439affd9"	[MsgId: MMSG-13992]
Action.c(703): Warning -26499: Internal Error - Invalid _iTotalConnectionsReached=7 _iTotalConnectionsAllowed=16 _iTotalHttp2Connections=-17 (LRW_NET_TOTAL_CONNECTIONS_LIMIT=50, MIN_RANGE_MAX_CONNECTIONS=1) for ptNetVUserVars=05E07DF0 in real_xfvLrwNetProcessAllItems  	[MsgId: MWAR-26499]
Action.c(703): Error -26366: "Text=Where do you live" not found for web_reg_find  	[MsgId: MERR-26366]
End auto log messages stack.	[MsgId: MMSG-10544]


