Start auto log messages stack - Iteration 1.	[MsgId: MMSG-10545]
Action.c(777): Notify: Parameter Substitution: parameter "p_VRN" =  "S6TAY"	[MsgId: MMSG-13992]
Action.c(777): Notify: Parameter Substitution: parameter "p_FirstName" =  "WXEUQTWTWAprdQgd"	[MsgId: MMSG-13992]
Action.c(777): Notify: Parameter Substitution: parameter "p_LastName" =  "WXEUQ"	[MsgId: MMSG-13992]
Action.c(777): Notify: Parameter Substitution: parameter "p_DDOBm" =  "18"	[MsgId: MMSG-13992]
Action.c(777): Notify: Parameter Substitution: parameter "p_MDOBm" =  "1"	[MsgId: MMSG-13992]
Action.c(777): Notify: Parameter Substitution: parameter "p_YDOB" =  "1970"	[MsgId: MMSG-13992]
Action.c(777): Notify: Parameter Substitution: parameter "p_DDOB" =  "18"	[MsgId: MMSG-13992]
Action.c(777): Notify: Parameter Substitution: parameter "p_MDOB" =  "01"	[MsgId: MMSG-13992]
Action.c(777): Notify: Parameter Substitution: parameter "p_YDOB" =  "1970"	[MsgId: MMSG-13992]
Action.c(777): Notify: Parameter Substitution: parameter "p_DDOBm" =  "18"	[MsgId: MMSG-13992]
Action.c(777): Notify: Parameter Substitution: parameter "p_MDOBm" =  "1"	[MsgId: MMSG-13992]
Action.c(777): Notify: Parameter Substitution: parameter "p_YDOB" =  "1970"	[MsgId: MMSG-13992]
Action.c(777): Notify: Parameter Substitution: parameter "p_DDOB" =  "18"	[MsgId: MMSG-13992]
Action.c(777): Notify: Parameter Substitution: parameter "p_MDOB" =  "01"	[MsgId: MMSG-13992]
Action.c(777): Notify: Parameter Substitution: parameter "p_YDOB" =  "1970"	[MsgId: MMSG-13992]
Action.c(777): Notify: Parameter Substitution: parameter "p_Postcode" =  "PE38 9PG"	[MsgId: MMSG-13992]
Action.c(777): Notify: Parameter Substitution: parameter "c_pageCode_01" =  "xbf190ad7-c289-44b3-a420-3364ca283a5f"	[MsgId: MMSG-13992]
Action.c(777): Notify: Parameter Substitution: parameter "c_pageCodeValue_01" =  "02d255e7-5caa-4742-8050-39552d379ad6"	[MsgId: MMSG-13992]
Action.c(777): Error -26366: "Text=Address line 1" not found for web_reg_find  	[MsgId: MERR-26366]
End auto log messages stack.	[MsgId: MMSG-10544]


