Start auto log messages stack - Iteration 1.	[MsgId: MMSG-10545]
Action.c(703): Notify: Parameter Substitution: parameter "c_pageCodeValue_01" =  "ec64df21-7df5-4a3c-a4f3-aa7dfe2da49f"	[MsgId: MMSG-13992]
Action.c(703): Notify: Parameter Substitution: parameter "p_VRN" =  "S6TAY"	[MsgId: MMSG-13992]
Action.c(703): Notify: Parameter Substitution: parameter "p_FirstName" =  "JQYRMTWTWAprdOAeP"	[MsgId: MMSG-13992]
Action.c(703): Notify: Parameter Substitution: parameter "p_LastName" =  "JQYRM"	[MsgId: MMSG-13992]
Action.c(703): Notify: Parameter Substitution: parameter "p_DDOBm" =  "27"	[MsgId: MMSG-13992]
Action.c(703): Notify: Parameter Substitution: parameter "p_MDOBm" =  "5"	[MsgId: MMSG-13992]
Action.c(703): Notify: Parameter Substitution: parameter "p_YDOB" =  "2022"	[MsgId: MMSG-13992]
Action.c(703): Notify: Parameter Substitution: parameter "p_DDOB" =  "27"	[MsgId: MMSG-13992]
Action.c(703): Notify: Parameter Substitution: parameter "p_MDOB" =  "05"	[MsgId: MMSG-13992]
Action.c(703): Notify: Parameter Substitution: parameter "p_YDOB" =  "2022"	[MsgId: MMSG-13992]
Action.c(703): Notify: Parameter Substitution: parameter "p_DDOBm" =  "27"	[MsgId: MMSG-13992]
Action.c(703): Notify: Parameter Substitution: parameter "p_MDOBm" =  "5"	[MsgId: MMSG-13992]
Action.c(703): Notify: Parameter Substitution: parameter "p_YDOB" =  "2022"	[MsgId: MMSG-13992]
Action.c(703): Notify: Parameter Substitution: parameter "p_DDOB" =  "27"	[MsgId: MMSG-13992]
Action.c(703): Notify: Parameter Substitution: parameter "p_MDOB" =  "05"	[MsgId: MMSG-13992]
Action.c(703): Notify: Parameter Substitution: parameter "p_YDOB" =  "2022"	[MsgId: MMSG-13992]
Action.c(703): Notify: Parameter Substitution: parameter "c_pageCode_01" =  "x33c6e269-3968-432c-a3a0-db26c90658cb"	[MsgId: MMSG-13992]
Action.c(703): Notify: Parameter Substitution: parameter "c_pageCodeValue_01" =  "ec64df21-7df5-4a3c-a4f3-aa7dfe2da49f"	[MsgId: MMSG-13992]
Action.c(703): Error -26366: "Text=Where do you live" not found for web_reg_find  	[MsgId: MERR-26366]
End auto log messages stack.	[MsgId: MMSG-10544]


Start auto log messages stack - Iteration 1.	[MsgId: MMSG-10545]
Action.c(703): Notify: Parameter Substitution: parameter "c_pageCodeValue_01" =  "87f5b7a1-b623-4ac2-98f1-6258f52cfcd3"	[MsgId: MMSG-13992]
Action.c(703): Notify: Parameter Substitution: parameter "p_VRN" =  "S6TAY"	[MsgId: MMSG-13992]
Action.c(703): Notify: Parameter Substitution: parameter "p_FirstName" =  "WEQSHTWTWAprdOAeq"	[MsgId: MMSG-13992]
Action.c(703): Notify: Parameter Substitution: parameter "p_LastName" =  "WEQSH"	[MsgId: MMSG-13992]
Action.c(703): Notify: Parameter Substitution: parameter "p_DDOBm" =  "4"	[MsgId: MMSG-13992]
Action.c(703): Notify: Parameter Substitution: parameter "p_MDOBm" =  "5"	[MsgId: MMSG-13992]
Action.c(703): Notify: Parameter Substitution: parameter "p_YDOB" =  "2022"	[MsgId: MMSG-13992]
Action.c(703): Notify: Parameter Substitution: parameter "p_DDOB" =  "04"	[MsgId: MMSG-13992]
Action.c(703): Notify: Parameter Substitution: parameter "p_MDOB" =  "05"	[MsgId: MMSG-13992]
Action.c(703): Notify: Parameter Substitution: parameter "p_YDOB" =  "2022"	[MsgId: MMSG-13992]
Action.c(703): Notify: Parameter Substitution: parameter "p_DDOBm" =  "4"	[MsgId: MMSG-13992]
Action.c(703): Notify: Parameter Substitution: parameter "p_MDOBm" =  "5"	[MsgId: MMSG-13992]
Action.c(703): Notify: Parameter Substitution: parameter "p_YDOB" =  "2022"	[MsgId: MMSG-13992]
Action.c(703): Notify: Parameter Substitution: parameter "p_DDOB" =  "04"	[MsgId: MMSG-13992]
Action.c(703): Notify: Parameter Substitution: parameter "p_MDOB" =  "05"	[MsgId: MMSG-13992]
Action.c(703): Notify: Parameter Substitution: parameter "p_YDOB" =  "2022"	[MsgId: MMSG-13992]
Action.c(703): Notify: Parameter Substitution: parameter "c_pageCode_01" =  "xb9ab2c42-0365-48ba-9fbd-795bbbb8b90d"	[MsgId: MMSG-13992]
Action.c(703): Notify: Parameter Substitution: parameter "c_pageCodeValue_01" =  "87f5b7a1-b623-4ac2-98f1-6258f52cfcd3"	[MsgId: MMSG-13992]
Action.c(703): Error -26366: "Text=Where do you live" not found for web_reg_find  	[MsgId: MERR-26366]
End auto log messages stack.	[MsgId: MMSG-10544]


Start auto log messages stack - Iteration 1.	[MsgId: MMSG-10545]
Action.c(703): Notify: Parameter Substitution: parameter "c_pageCodeValue_01" =  "5a834880-647e-44dc-bac0-39083168b10d"	[MsgId: MMSG-13992]
Action.c(703): Notify: Parameter Substitution: parameter "p_VRN" =  "S6TAY"	[MsgId: MMSG-13992]
Action.c(703): Notify: Parameter Substitution: parameter "p_FirstName" =  "KYRJSTWTWAprdOAfJ"	[MsgId: MMSG-13992]
Action.c(703): Notify: Parameter Substitution: parameter "p_LastName" =  "KYRJS"	[MsgId: MMSG-13992]
Action.c(703): Notify: Parameter Substitution: parameter "p_DDOBm" =  "27"	[MsgId: MMSG-13992]
Action.c(703): Notify: Parameter Substitution: parameter "p_MDOBm" =  "7"	[MsgId: MMSG-13992]
Action.c(703): Notify: Parameter Substitution: parameter "p_YDOB" =  "2022"	[MsgId: MMSG-13992]
Action.c(703): Notify: Parameter Substitution: parameter "p_DDOB" =  "27"	[MsgId: MMSG-13992]
Action.c(703): Notify: Parameter Substitution: parameter "p_MDOB" =  "07"	[MsgId: MMSG-13992]
Action.c(703): Notify: Parameter Substitution: parameter "p_YDOB" =  "2022"	[MsgId: MMSG-13992]
Action.c(703): Notify: Parameter Substitution: parameter "p_DDOBm" =  "27"	[MsgId: MMSG-13992]
Action.c(703): Notify: Parameter Substitution: parameter "p_MDOBm" =  "7"	[MsgId: MMSG-13992]
Action.c(703): Notify: Parameter Substitution: parameter "p_YDOB" =  "2022"	[MsgId: MMSG-13992]
Action.c(703): Notify: Parameter Substitution: parameter "p_DDOB" =  "27"	[MsgId: MMSG-13992]
Action.c(703): Notify: Parameter Substitution: parameter "p_MDOB" =  "07"	[MsgId: MMSG-13992]
Action.c(703): Notify: Parameter Substitution: parameter "p_YDOB" =  "2022"	[MsgId: MMSG-13992]
Action.c(703): Notify: Parameter Substitution: parameter "c_pageCode_01" =  "x1d55d256-cf43-43b0-a804-5c4e0927e6c2"	[MsgId: MMSG-13992]
Action.c(703): Notify: Parameter Substitution: parameter "c_pageCodeValue_01" =  "5a834880-647e-44dc-bac0-39083168b10d"	[MsgId: MMSG-13992]
Action.c(703): Error -26366: "Text=Where do you live" not found for web_reg_find  	[MsgId: MERR-26366]
End auto log messages stack.	[MsgId: MMSG-10544]


Start auto log messages stack - Iteration 1.	[MsgId: MMSG-10545]
Action.c(703): Notify: Parameter Substitution: parameter "c_pageCodeValue_01" =  "45b8d5ea-4419-4c40-8e35-6c54fd40613e"	[MsgId: MMSG-13992]
Action.c(703): Notify: Parameter Substitution: parameter "p_VRN" =  "S6TAY"	[MsgId: MMSG-13992]
Action.c(703): Notify: Parameter Substitution: parameter "p_FirstName" =  "YTEIYTWTWAprdOAfk"	[MsgId: MMSG-13992]
Action.c(703): Notify: Parameter Substitution: parameter "p_LastName" =  "YTEIY"	[MsgId: MMSG-13992]
Action.c(703): Notify: Parameter Substitution: parameter "p_DDOBm" =  "17"	[MsgId: MMSG-13992]
Action.c(703): Notify: Parameter Substitution: parameter "p_MDOBm" =  "9"	[MsgId: MMSG-13992]
Action.c(703): Notify: Parameter Substitution: parameter "p_YDOB" =  "2022"	[MsgId: MMSG-13992]
Action.c(703): Notify: Parameter Substitution: parameter "p_DDOB" =  "17"	[MsgId: MMSG-13992]
Action.c(703): Notify: Parameter Substitution: parameter "p_MDOB" =  "09"	[MsgId: MMSG-13992]
Action.c(703): Notify: Parameter Substitution: parameter "p_YDOB" =  "2022"	[MsgId: MMSG-13992]
Action.c(703): Notify: Parameter Substitution: parameter "p_DDOBm" =  "17"	[MsgId: MMSG-13992]
Action.c(703): Notify: Parameter Substitution: parameter "p_MDOBm" =  "9"	[MsgId: MMSG-13992]
Action.c(703): Notify: Parameter Substitution: parameter "p_YDOB" =  "2022"	[MsgId: MMSG-13992]
Action.c(703): Notify: Parameter Substitution: parameter "p_DDOB" =  "17"	[MsgId: MMSG-13992]
Action.c(703): Notify: Parameter Substitution: parameter "p_MDOB" =  "09"	[MsgId: MMSG-13992]
Action.c(703): Notify: Parameter Substitution: parameter "p_YDOB" =  "2022"	[MsgId: MMSG-13992]
Action.c(703): Notify: Parameter Substitution: parameter "c_pageCode_01" =  "xe810bcb0-2502-4c93-86f0-dba8e71691b1"	[MsgId: MMSG-13992]
Action.c(703): Notify: Parameter Substitution: parameter "c_pageCodeValue_01" =  "45b8d5ea-4419-4c40-8e35-6c54fd40613e"	[MsgId: MMSG-13992]
Action.c(703): Error -26366: "Text=Where do you live" not found for web_reg_find  	[MsgId: MERR-26366]
End auto log messages stack.	[MsgId: MMSG-10544]


Start auto log messages stack - Iteration 2.	[MsgId: MMSG-10545]
Action.c(703): Notify: Parameter Substitution: parameter "c_pageCodeValue_01" =  "8ae34904-0920-4db2-a3f8-9323d2d66f51"	[MsgId: MMSG-13992]
Action.c(703): Notify: Parameter Substitution: parameter "p_VRN" =  "S6TAY"	[MsgId: MMSG-13992]
Action.c(703): Notify: Parameter Substitution: parameter "p_FirstName" =  "PMGDUTWTWAprdOAgE"	[MsgId: MMSG-13992]
Action.c(703): Notify: Parameter Substitution: parameter "p_LastName" =  "PMGDU"	[MsgId: MMSG-13992]
Action.c(703): Notify: Parameter Substitution: parameter "p_DDOBm" =  "25"	[MsgId: MMSG-13992]
Action.c(703): Notify: Parameter Substitution: parameter "p_MDOBm" =  "8"	[MsgId: MMSG-13992]
Action.c(703): Notify: Parameter Substitution: parameter "p_YDOB" =  "2022"	[MsgId: MMSG-13992]
Action.c(703): Notify: Parameter Substitution: parameter "p_DDOB" =  "25"	[MsgId: MMSG-13992]
Action.c(703): Notify: Parameter Substitution: parameter "p_MDOB" =  "08"	[MsgId: MMSG-13992]
Action.c(703): Notify: Parameter Substitution: parameter "p_YDOB" =  "2022"	[MsgId: MMSG-13992]
Action.c(703): Notify: Parameter Substitution: parameter "p_DDOBm" =  "25"	[MsgId: MMSG-13992]
Action.c(703): Notify: Parameter Substitution: parameter "p_MDOBm" =  "8"	[MsgId: MMSG-13992]
Action.c(703): Notify: Parameter Substitution: parameter "p_YDOB" =  "2022"	[MsgId: MMSG-13992]
Action.c(703): Notify: Parameter Substitution: parameter "p_DDOB" =  "25"	[MsgId: MMSG-13992]
Action.c(703): Notify: Parameter Substitution: parameter "p_MDOB" =  "08"	[MsgId: MMSG-13992]
Action.c(703): Notify: Parameter Substitution: parameter "p_YDOB" =  "2022"	[MsgId: MMSG-13992]
Action.c(703): Notify: Parameter Substitution: parameter "c_pageCode_01" =  "xa2bcf1b5-41db-4597-8a93-a3db0f934a47"	[MsgId: MMSG-13992]
Action.c(703): Notify: Parameter Substitution: parameter "c_pageCodeValue_01" =  "8ae34904-0920-4db2-a3f8-9323d2d66f51"	[MsgId: MMSG-13992]
Action.c(703): Error -26366: "Text=Where do you live" not found for web_reg_find  	[MsgId: MERR-26366]
End auto log messages stack.	[MsgId: MMSG-10544]


Start auto log messages stack - Iteration 2.	[MsgId: MMSG-10545]
Action.c(703): Notify: Parameter Substitution: parameter "c_pageCodeValue_01" =  "ade25212-f396-44da-97eb-ee96ad027dcd"	[MsgId: MMSG-13992]
Action.c(703): Notify: Parameter Substitution: parameter "p_VRN" =  "S6TAY"	[MsgId: MMSG-13992]
Action.c(703): Notify: Parameter Substitution: parameter "p_FirstName" =  "NKSGVTWTWAprdOAgi"	[MsgId: MMSG-13992]
Action.c(703): Notify: Parameter Substitution: parameter "p_LastName" =  "NKSGV"	[MsgId: MMSG-13992]
Action.c(703): Notify: Parameter Substitution: parameter "p_DDOBm" =  "23"	[MsgId: MMSG-13992]
Action.c(703): Notify: Parameter Substitution: parameter "p_MDOBm" =  "6"	[MsgId: MMSG-13992]
Action.c(703): Notify: Parameter Substitution: parameter "p_YDOB" =  "2022"	[MsgId: MMSG-13992]
Action.c(703): Notify: Parameter Substitution: parameter "p_DDOB" =  "23"	[MsgId: MMSG-13992]
Action.c(703): Notify: Parameter Substitution: parameter "p_MDOB" =  "06"	[MsgId: MMSG-13992]
Action.c(703): Notify: Parameter Substitution: parameter "p_YDOB" =  "2022"	[MsgId: MMSG-13992]
Action.c(703): Notify: Parameter Substitution: parameter "p_DDOBm" =  "23"	[MsgId: MMSG-13992]
Action.c(703): Notify: Parameter Substitution: parameter "p_MDOBm" =  "6"	[MsgId: MMSG-13992]
Action.c(703): Notify: Parameter Substitution: parameter "p_YDOB" =  "2022"	[MsgId: MMSG-13992]
Action.c(703): Notify: Parameter Substitution: parameter "p_DDOB" =  "23"	[MsgId: MMSG-13992]
Action.c(703): Notify: Parameter Substitution: parameter "p_MDOB" =  "06"	[MsgId: MMSG-13992]
Action.c(703): Notify: Parameter Substitution: parameter "p_YDOB" =  "2022"	[MsgId: MMSG-13992]
Action.c(703): Notify: Parameter Substitution: parameter "c_pageCode_01" =  "xd2904297-a1bd-4539-9128-bbad96bcd685"	[MsgId: MMSG-13992]
Action.c(703): Notify: Parameter Substitution: parameter "c_pageCodeValue_01" =  "ade25212-f396-44da-97eb-ee96ad027dcd"	[MsgId: MMSG-13992]
Action.c(703): Error -26366: "Text=Where do you live" not found for web_reg_find  	[MsgId: MERR-26366]
End auto log messages stack.	[MsgId: MMSG-10544]


