Start auto log messages stack - Iteration 2.	[MsgId: MMSG-10545]
Action.c(793): Notify: Parameter Substitution: parameter "p_VRN" =  "S6TAY"	[MsgId: MMSG-13992]
Action.c(793): Notify: Parameter Substitution: parameter "p_FirstName" =  "GTSGATWTWAprbOHh"	[MsgId: MMSG-13992]
Action.c(793): Notify: Parameter Substitution: parameter "p_LastName" =  "GTSGA"	[MsgId: MMSG-13992]
Action.c(793): Notify: Parameter Substitution: parameter "p_DDOBm" =  "16"	[MsgId: MMSG-13992]
Action.c(793): Notify: Parameter Substitution: parameter "p_MDOBm" =  "7"	[MsgId: MMSG-13992]
Action.c(793): Notify: Parameter Substitution: parameter "p_YDOB" =  "2022"	[MsgId: MMSG-13992]
Action.c(793): Notify: Parameter Substitution: parameter "p_DDOB" =  "16"	[MsgId: MMSG-13992]
Action.c(793): Notify: Parameter Substitution: parameter "p_YDOB" =  "2022"	[MsgId: MMSG-13992]
Action.c(793): Notify: Parameter Substitution: parameter "p_DDOBm" =  "16"	[MsgId: MMSG-13992]
Action.c(793): Notify: Parameter Substitution: parameter "p_MDOBm" =  "7"	[MsgId: MMSG-13992]
Action.c(793): Notify: Parameter Substitution: parameter "p_YDOB" =  "2022"	[MsgId: MMSG-13992]
Action.c(793): Notify: Parameter Substitution: parameter "p_DDOB" =  "16"	[MsgId: MMSG-13992]
Action.c(793): Notify: Parameter Substitution: parameter "p_MDOB" =  "07"	[MsgId: MMSG-13992]
Action.c(793): Notify: Parameter Substitution: parameter "p_YDOB" =  "2022"	[MsgId: MMSG-13992]
Action.c(793): Notify: Parameter Substitution: parameter "p_Postcode" =  "PE38 9PG"	[MsgId: MMSG-13992]
Action.c(793): Notify: Parameter Substitution: parameter "c_pageCode_01" =  "xedef0856-4f81-4dd1-be4b-c7ca428beadb"	[MsgId: MMSG-13992]
Action.c(793): Notify: Parameter Substitution: parameter "c_pageCodeValue_01" =  "786548d8-b6c3-434a-81ab-a742f2d9c1d5"	[MsgId: MMSG-13992]
Action.c(793): Error -26366: "Text=Do you own your own home" not found for web_reg_find  	[MsgId: MERR-26366]
End auto log messages stack.	[MsgId: MMSG-10544]


Start auto log messages stack - Iteration 3.	[MsgId: MMSG-10545]
Action.c(793): Notify: Parameter Substitution: parameter "p_VRN" =  "S6TAY"	[MsgId: MMSG-13992]
Action.c(793): Notify: Parameter Substitution: parameter "p_FirstName" =  "MSUEDTWTWAprbORg"	[MsgId: MMSG-13992]
Action.c(793): Notify: Parameter Substitution: parameter "p_LastName" =  "MSUED"	[MsgId: MMSG-13992]
Action.c(793): Notify: Parameter Substitution: parameter "p_DDOBm" =  "28"	[MsgId: MMSG-13992]
Action.c(793): Notify: Parameter Substitution: parameter "p_MDOBm" =  "6"	[MsgId: MMSG-13992]
Action.c(793): Notify: Parameter Substitution: parameter "p_YDOB" =  "2022"	[MsgId: MMSG-13992]
Action.c(793): Notify: Parameter Substitution: parameter "p_DDOB" =  "28"	[MsgId: MMSG-13992]
Action.c(793): Notify: Parameter Substitution: parameter "p_YDOB" =  "2022"	[MsgId: MMSG-13992]
Action.c(793): Notify: Parameter Substitution: parameter "p_DDOBm" =  "28"	[MsgId: MMSG-13992]
Action.c(793): Notify: Parameter Substitution: parameter "p_MDOBm" =  "6"	[MsgId: MMSG-13992]
Action.c(793): Notify: Parameter Substitution: parameter "p_YDOB" =  "2022"	[MsgId: MMSG-13992]
Action.c(793): Notify: Parameter Substitution: parameter "p_DDOB" =  "28"	[MsgId: MMSG-13992]
Action.c(793): Notify: Parameter Substitution: parameter "p_MDOB" =  "06"	[MsgId: MMSG-13992]
Action.c(793): Notify: Parameter Substitution: parameter "p_YDOB" =  "2022"	[MsgId: MMSG-13992]
Action.c(793): Notify: Parameter Substitution: parameter "p_Postcode" =  "PE38 9PG"	[MsgId: MMSG-13992]
Action.c(793): Notify: Parameter Substitution: parameter "c_pageCode_01" =  "x67027401-0aa8-4ad1-a840-9f0d41cdc1d4"	[MsgId: MMSG-13992]
Action.c(793): Notify: Parameter Substitution: parameter "c_pageCodeValue_01" =  "677c434b-6d49-4767-b4df-80b1d809012c"	[MsgId: MMSG-13992]
Action.c(793): Error -26366: "Text=Do you own your own home" not found for web_reg_find  	[MsgId: MERR-26366]
End auto log messages stack.	[MsgId: MMSG-10544]


Start auto log messages stack - Iteration 4.	[MsgId: MMSG-10545]
Action.c(793): Notify: Parameter Substitution: parameter "p_VRN" =  "S6TAY"	[MsgId: MMSG-13992]
Action.c(793): Notify: Parameter Substitution: parameter "p_FirstName" =  "VJMFVTWTWAprbObg"	[MsgId: MMSG-13992]
Action.c(793): Notify: Parameter Substitution: parameter "p_LastName" =  "VJMFV"	[MsgId: MMSG-13992]
Action.c(793): Notify: Parameter Substitution: parameter "p_DDOBm" =  "14"	[MsgId: MMSG-13992]
Action.c(793): Notify: Parameter Substitution: parameter "p_MDOBm" =  "7"	[MsgId: MMSG-13992]
Action.c(793): Notify: Parameter Substitution: parameter "p_YDOB" =  "2022"	[MsgId: MMSG-13992]
Action.c(793): Notify: Parameter Substitution: parameter "p_DDOB" =  "14"	[MsgId: MMSG-13992]
Action.c(793): Notify: Parameter Substitution: parameter "p_YDOB" =  "2022"	[MsgId: MMSG-13992]
Action.c(793): Notify: Parameter Substitution: parameter "p_DDOBm" =  "14"	[MsgId: MMSG-13992]
Action.c(793): Notify: Parameter Substitution: parameter "p_MDOBm" =  "7"	[MsgId: MMSG-13992]
Action.c(793): Notify: Parameter Substitution: parameter "p_YDOB" =  "2022"	[MsgId: MMSG-13992]
Action.c(793): Notify: Parameter Substitution: parameter "p_DDOB" =  "14"	[MsgId: MMSG-13992]
Action.c(793): Notify: Parameter Substitution: parameter "p_MDOB" =  "07"	[MsgId: MMSG-13992]
Action.c(793): Notify: Parameter Substitution: parameter "p_YDOB" =  "2022"	[MsgId: MMSG-13992]
Action.c(793): Notify: Parameter Substitution: parameter "p_Postcode" =  "PE38 9PG"	[MsgId: MMSG-13992]
Action.c(793): Notify: Parameter Substitution: parameter "c_pageCode_01" =  "xee5d9c8a-90ac-4bc3-aac5-81635759a4f7"	[MsgId: MMSG-13992]
Action.c(793): Notify: Parameter Substitution: parameter "c_pageCodeValue_01" =  "9f9c75fa-9e7a-430a-863d-f1da67d76677"	[MsgId: MMSG-13992]
Action.c(793): Error -26366: "Text=Do you own your own home" not found for web_reg_find  	[MsgId: MERR-26366]
End auto log messages stack.	[MsgId: MMSG-10544]


Start auto log messages stack - Iteration 5.	[MsgId: MMSG-10545]
Action.c(793): Notify: Parameter Substitution: parameter "p_VRN" =  "S6TAY"	[MsgId: MMSG-13992]
Action.c(793): Notify: Parameter Substitution: parameter "p_FirstName" =  "GHEFNTWTWAprbOlg"	[MsgId: MMSG-13992]
Action.c(793): Notify: Parameter Substitution: parameter "p_LastName" =  "GHEFN"	[MsgId: MMSG-13992]
Action.c(793): Notify: Parameter Substitution: parameter "p_DDOBm" =  "26"	[MsgId: MMSG-13992]
Action.c(793): Notify: Parameter Substitution: parameter "p_MDOBm" =  "6"	[MsgId: MMSG-13992]
Action.c(793): Notify: Parameter Substitution: parameter "p_YDOB" =  "2022"	[MsgId: MMSG-13992]
Action.c(793): Notify: Parameter Substitution: parameter "p_DDOB" =  "26"	[MsgId: MMSG-13992]
Action.c(793): Notify: Parameter Substitution: parameter "p_YDOB" =  "2022"	[MsgId: MMSG-13992]
Action.c(793): Notify: Parameter Substitution: parameter "p_DDOBm" =  "26"	[MsgId: MMSG-13992]
Action.c(793): Notify: Parameter Substitution: parameter "p_MDOBm" =  "6"	[MsgId: MMSG-13992]
Action.c(793): Notify: Parameter Substitution: parameter "p_YDOB" =  "2022"	[MsgId: MMSG-13992]
Action.c(793): Notify: Parameter Substitution: parameter "p_DDOB" =  "26"	[MsgId: MMSG-13992]
Action.c(793): Notify: Parameter Substitution: parameter "p_MDOB" =  "06"	[MsgId: MMSG-13992]
Action.c(793): Notify: Parameter Substitution: parameter "p_YDOB" =  "2022"	[MsgId: MMSG-13992]
Action.c(793): Notify: Parameter Substitution: parameter "p_Postcode" =  "PE38 9PG"	[MsgId: MMSG-13992]
Action.c(793): Notify: Parameter Substitution: parameter "c_pageCode_01" =  "xa531990b-5a73-4569-8632-5c6b5dcb77a6"	[MsgId: MMSG-13992]
Action.c(793): Notify: Parameter Substitution: parameter "c_pageCodeValue_01" =  "bb12f96b-98ce-4909-952a-6e75e9a3d29b"	[MsgId: MMSG-13992]
Action.c(793): Error -26366: "Text=Do you own your own home" not found for web_reg_find  	[MsgId: MERR-26366]
End auto log messages stack.	[MsgId: MMSG-10544]


Start auto log messages stack - Iteration 6.	[MsgId: MMSG-10545]
Action.c(793): Notify: Parameter Substitution: parameter "p_VRN" =  "S6TAY"	[MsgId: MMSG-13992]
Action.c(793): Notify: Parameter Substitution: parameter "p_FirstName" =  "PFVXYTWTWAprbOvg"	[MsgId: MMSG-13992]
Action.c(793): Notify: Parameter Substitution: parameter "p_LastName" =  "PFVXY"	[MsgId: MMSG-13992]
Action.c(793): Notify: Parameter Substitution: parameter "p_DDOBm" =  "7"	[MsgId: MMSG-13992]
Action.c(793): Notify: Parameter Substitution: parameter "p_MDOBm" =  "6"	[MsgId: MMSG-13992]
Action.c(793): Notify: Parameter Substitution: parameter "p_YDOB" =  "2022"	[MsgId: MMSG-13992]
Action.c(793): Notify: Parameter Substitution: parameter "p_DDOB" =  "07"	[MsgId: MMSG-13992]
Action.c(793): Notify: Parameter Substitution: parameter "p_YDOB" =  "2022"	[MsgId: MMSG-13992]
Action.c(793): Notify: Parameter Substitution: parameter "p_DDOBm" =  "7"	[MsgId: MMSG-13992]
Action.c(793): Notify: Parameter Substitution: parameter "p_MDOBm" =  "6"	[MsgId: MMSG-13992]
Action.c(793): Notify: Parameter Substitution: parameter "p_YDOB" =  "2022"	[MsgId: MMSG-13992]
Action.c(793): Notify: Parameter Substitution: parameter "p_DDOB" =  "07"	[MsgId: MMSG-13992]
Action.c(793): Notify: Parameter Substitution: parameter "p_MDOB" =  "06"	[MsgId: MMSG-13992]
Action.c(793): Notify: Parameter Substitution: parameter "p_YDOB" =  "2022"	[MsgId: MMSG-13992]
Action.c(793): Notify: Parameter Substitution: parameter "p_Postcode" =  "PE38 9PG"	[MsgId: MMSG-13992]
Action.c(793): Notify: Parameter Substitution: parameter "c_pageCode_01" =  "x4e8f8b09-3992-4400-a92c-325862998941"	[MsgId: MMSG-13992]
Action.c(793): Notify: Parameter Substitution: parameter "c_pageCodeValue_01" =  "35534824-c428-4c1c-8bc5-961880212abe"	[MsgId: MMSG-13992]
Action.c(793): Error -26366: "Text=Do you own your own home" not found for web_reg_find  	[MsgId: MERR-26366]
End auto log messages stack.	[MsgId: MMSG-10544]


Start auto log messages stack - Iteration 7.	[MsgId: MMSG-10545]
Action.c(793): Notify: Parameter Substitution: parameter "p_VRN" =  "S6TAY"	[MsgId: MMSG-13992]
Action.c(793): Notify: Parameter Substitution: parameter "p_FirstName" =  "YDNXRTWTWAprbOAfg"	[MsgId: MMSG-13992]
Action.c(793): Notify: Parameter Substitution: parameter "p_LastName" =  "YDNXR"	[MsgId: MMSG-13992]
Action.c(793): Notify: Parameter Substitution: parameter "p_DDOBm" =  "20"	[MsgId: MMSG-13992]
Action.c(793): Notify: Parameter Substitution: parameter "p_MDOBm" =  "5"	[MsgId: MMSG-13992]
Action.c(793): Notify: Parameter Substitution: parameter "p_YDOB" =  "2022"	[MsgId: MMSG-13992]
Action.c(793): Notify: Parameter Substitution: parameter "p_DDOB" =  "20"	[MsgId: MMSG-13992]
Action.c(793): Notify: Parameter Substitution: parameter "p_YDOB" =  "2022"	[MsgId: MMSG-13992]
Action.c(793): Notify: Parameter Substitution: parameter "p_DDOBm" =  "20"	[MsgId: MMSG-13992]
Action.c(793): Notify: Parameter Substitution: parameter "p_MDOBm" =  "5"	[MsgId: MMSG-13992]
Action.c(793): Notify: Parameter Substitution: parameter "p_YDOB" =  "2022"	[MsgId: MMSG-13992]
Action.c(793): Notify: Parameter Substitution: parameter "p_DDOB" =  "20"	[MsgId: MMSG-13992]
Action.c(793): Notify: Parameter Substitution: parameter "p_MDOB" =  "05"	[MsgId: MMSG-13992]
Action.c(793): Notify: Parameter Substitution: parameter "p_YDOB" =  "2022"	[MsgId: MMSG-13992]
Action.c(793): Notify: Parameter Substitution: parameter "p_Postcode" =  "PE38 9PG"	[MsgId: MMSG-13992]
Action.c(793): Notify: Parameter Substitution: parameter "c_pageCode_01" =  "x043c5b27-7f5f-44aa-b9b3-94b10a3f74f6"	[MsgId: MMSG-13992]
Action.c(793): Notify: Parameter Substitution: parameter "c_pageCodeValue_01" =  "a66743ee-d290-4512-a44d-f5ea45c0d592"	[MsgId: MMSG-13992]
Action.c(793): Error -26366: "Text=Do you own your own home" not found for web_reg_find  	[MsgId: MERR-26366]
End auto log messages stack.	[MsgId: MMSG-10544]


